{
    "meta": {
        "format": 3,
        "version": "7.13.0",
        "timestamp": "2025-12-22T01:56:40.517344",
        "branch_coverage": true,
        "show_contexts": false
    },
    "files": {
        "upcast/scanners/__init__.py": {
            "executed_lines": [1, 3, 4, 5, 6, 7, 8, 9, 10, 11, 12, 13, 14, 16],
            "summary": {
                "covered_lines": 13,
                "num_statements": 13,
                "percent_covered": 100.0,
                "percent_covered_display": "100",
                "missing_lines": 0,
                "excluded_lines": 0,
                "percent_statements_covered": 100.0,
                "percent_statements_covered_display": "100",
                "num_branches": 0,
                "num_partial_branches": 0,
                "covered_branches": 0,
                "missing_branches": 0,
                "percent_branches_covered": 100.0,
                "percent_branches_covered_display": "100"
            },
            "missing_lines": [],
            "excluded_lines": [],
            "executed_branches": [],
            "missing_branches": [],
            "functions": {
                "": {
                    "executed_lines": [
                        1, 3, 4, 5, 6, 7, 8, 9, 10, 11, 12, 13, 14, 16
                    ],
                    "summary": {
                        "covered_lines": 13,
                        "num_statements": 13,
                        "percent_covered": 100.0,
                        "percent_covered_display": "100",
                        "missing_lines": 0,
                        "excluded_lines": 0,
                        "percent_statements_covered": 100.0,
                        "percent_statements_covered_display": "100",
                        "num_branches": 0,
                        "num_partial_branches": 0,
                        "covered_branches": 0,
                        "missing_branches": 0,
                        "percent_branches_covered": 100.0,
                        "percent_branches_covered_display": "100"
                    },
                    "missing_lines": [],
                    "excluded_lines": [],
                    "executed_branches": [],
                    "missing_branches": []
                }
            },
            "classes": {
                "": {
                    "executed_lines": [
                        1, 3, 4, 5, 6, 7, 8, 9, 10, 11, 12, 13, 14, 16
                    ],
                    "summary": {
                        "covered_lines": 13,
                        "num_statements": 13,
                        "percent_covered": 100.0,
                        "percent_covered_display": "100",
                        "missing_lines": 0,
                        "excluded_lines": 0,
                        "percent_statements_covered": 100.0,
                        "percent_statements_covered_display": "100",
                        "num_branches": 0,
                        "num_partial_branches": 0,
                        "covered_branches": 0,
                        "missing_branches": 0,
                        "percent_branches_covered": 100.0,
                        "percent_branches_covered_display": "100"
                    },
                    "missing_lines": [],
                    "excluded_lines": [],
                    "executed_branches": [],
                    "missing_branches": []
                }
            }
        },
        "upcast/scanners/blocking_operations.py": {
            "executed_lines": [
                1, 3, 4, 6, 8, 9, 10, 11, 18, 19, 22, 40, 68, 76, 101, 122, 134,
                143, 152, 161
            ],
            "summary": {
                "covered_lines": 18,
                "num_statements": 85,
                "percent_covered": 13.953488372093023,
                "percent_covered_display": "14",
                "missing_lines": 67,
                "excluded_lines": 0,
                "percent_statements_covered": 21.176470588235293,
                "percent_statements_covered_display": "21",
                "num_branches": 44,
                "num_partial_branches": 0,
                "covered_branches": 0,
                "missing_branches": 44,
                "percent_branches_covered": 0.0,
                "percent_branches_covered_display": "0"
            },
            "missing_lines": [
                42, 43, 45, 52, 53, 54, 55, 57, 58, 60, 61, 62, 63, 65, 66, 70,
                71, 72, 73, 74, 78, 79, 81, 82, 85, 86, 87, 88, 99, 103, 104,
                105, 106, 107, 110, 120, 124, 125, 126, 127, 128, 129, 130, 131,
                132, 136, 137, 138, 139, 140, 141, 145, 146, 147, 148, 149, 150,
                154, 155, 156, 157, 158, 159, 163, 164, 165, 167
            ],
            "excluded_lines": [],
            "executed_branches": [],
            "missing_branches": [
                [52, 53],
                [52, 65],
                [54, 55],
                [54, 57],
                [60, 52],
                [60, 61],
                [62, 60],
                [62, 63],
                [70, 71],
                [70, 72],
                [72, 73],
                [72, 74],
                [81, 82],
                [81, 85],
                [85, 86],
                [85, 99],
                [86, 85],
                [86, 87],
                [87, 86],
                [87, 88],
                [103, 104],
                [103, 120],
                [105, 103],
                [105, 106],
                [107, 103],
                [107, 110],
                [124, 125],
                [124, 127],
                [127, 128],
                [127, 132],
                [128, 129],
                [128, 131],
                [137, 138],
                [137, 139],
                [139, 140],
                [139, 141],
                [146, 147],
                [146, 150],
                [147, 148],
                [147, 149],
                [155, 156],
                [155, 159],
                [156, 157],
                [156, 158]
            ],
            "functions": {
                "BlockingOperationsScanner.scan": {
                    "executed_lines": [],
                    "summary": {
                        "covered_lines": 0,
                        "num_statements": 15,
                        "percent_covered": 0.0,
                        "percent_covered_display": "0",
                        "missing_lines": 15,
                        "excluded_lines": 0,
                        "percent_statements_covered": 0.0,
                        "percent_statements_covered_display": "0",
                        "num_branches": 8,
                        "num_partial_branches": 0,
                        "covered_branches": 0,
                        "missing_branches": 8,
                        "percent_branches_covered": 0.0,
                        "percent_branches_covered_display": "0"
                    },
                    "missing_lines": [
                        42, 43, 45, 52, 53, 54, 55, 57, 58, 60, 61, 62, 63, 65,
                        66
                    ],
                    "excluded_lines": [],
                    "executed_branches": [],
                    "missing_branches": [
                        [52, 53],
                        [52, 65],
                        [54, 55],
                        [54, 57],
                        [60, 52],
                        [60, 61],
                        [62, 60],
                        [62, 63]
                    ]
                },
                "BlockingOperationsScanner._check_node": {
                    "executed_lines": [],
                    "summary": {
                        "covered_lines": 0,
                        "num_statements": 5,
                        "percent_covered": 0.0,
                        "percent_covered_display": "0",
                        "missing_lines": 5,
                        "excluded_lines": 0,
                        "percent_statements_covered": 0.0,
                        "percent_statements_covered_display": "0",
                        "num_branches": 4,
                        "num_partial_branches": 0,
                        "covered_branches": 0,
                        "missing_branches": 4,
                        "percent_branches_covered": 0.0,
                        "percent_branches_covered_display": "0"
                    },
                    "missing_lines": [70, 71, 72, 73, 74],
                    "excluded_lines": [],
                    "executed_branches": [],
                    "missing_branches": [
                        [70, 71],
                        [70, 72],
                        [72, 73],
                        [72, 74]
                    ]
                },
                "BlockingOperationsScanner._check_call": {
                    "executed_lines": [],
                    "summary": {
                        "covered_lines": 0,
                        "num_statements": 9,
                        "percent_covered": 0.0,
                        "percent_covered_display": "0",
                        "missing_lines": 9,
                        "excluded_lines": 0,
                        "percent_statements_covered": 0.0,
                        "percent_statements_covered_display": "0",
                        "num_branches": 8,
                        "num_partial_branches": 0,
                        "covered_branches": 0,
                        "missing_branches": 8,
                        "percent_branches_covered": 0.0,
                        "percent_branches_covered_display": "0"
                    },
                    "missing_lines": [78, 79, 81, 82, 85, 86, 87, 88, 99],
                    "excluded_lines": [],
                    "executed_branches": [],
                    "missing_branches": [
                        [81, 82],
                        [81, 85],
                        [85, 86],
                        [85, 99],
                        [86, 85],
                        [86, 87],
                        [87, 86],
                        [87, 88]
                    ]
                },
                "BlockingOperationsScanner._check_with": {
                    "executed_lines": [],
                    "summary": {
                        "covered_lines": 0,
                        "num_statements": 7,
                        "percent_covered": 0.0,
                        "percent_covered_display": "0",
                        "missing_lines": 7,
                        "excluded_lines": 0,
                        "percent_statements_covered": 0.0,
                        "percent_statements_covered_display": "0",
                        "num_branches": 6,
                        "num_partial_branches": 0,
                        "covered_branches": 0,
                        "missing_branches": 6,
                        "percent_branches_covered": 0.0,
                        "percent_branches_covered_display": "0"
                    },
                    "missing_lines": [103, 104, 105, 106, 107, 110, 120],
                    "excluded_lines": [],
                    "executed_branches": [],
                    "missing_branches": [
                        [103, 104],
                        [103, 120],
                        [105, 103],
                        [105, 106],
                        [107, 103],
                        [107, 110]
                    ]
                },
                "BlockingOperationsScanner._get_qualified_name": {
                    "executed_lines": [],
                    "summary": {
                        "covered_lines": 0,
                        "num_statements": 9,
                        "percent_covered": 0.0,
                        "percent_covered_display": "0",
                        "missing_lines": 9,
                        "excluded_lines": 0,
                        "percent_statements_covered": 0.0,
                        "percent_statements_covered_display": "0",
                        "num_branches": 6,
                        "num_partial_branches": 0,
                        "covered_branches": 0,
                        "missing_branches": 6,
                        "percent_branches_covered": 0.0,
                        "percent_branches_covered_display": "0"
                    },
                    "missing_lines": [
                        124, 125, 126, 127, 128, 129, 130, 131, 132
                    ],
                    "excluded_lines": [],
                    "executed_branches": [],
                    "missing_branches": [
                        [124, 125],
                        [124, 127],
                        [127, 128],
                        [127, 132],
                        [128, 129],
                        [128, 131]
                    ]
                },
                "BlockingOperationsScanner._matches_pattern": {
                    "executed_lines": [],
                    "summary": {
                        "covered_lines": 0,
                        "num_statements": 6,
                        "percent_covered": 0.0,
                        "percent_covered_display": "0",
                        "missing_lines": 6,
                        "excluded_lines": 0,
                        "percent_statements_covered": 0.0,
                        "percent_statements_covered_display": "0",
                        "num_branches": 4,
                        "num_partial_branches": 0,
                        "covered_branches": 0,
                        "missing_branches": 4,
                        "percent_branches_covered": 0.0,
                        "percent_branches_covered_display": "0"
                    },
                    "missing_lines": [136, 137, 138, 139, 140, 141],
                    "excluded_lines": [],
                    "executed_branches": [],
                    "missing_branches": [
                        [137, 138],
                        [137, 139],
                        [139, 140],
                        [139, 141]
                    ]
                },
                "BlockingOperationsScanner._get_function_name": {
                    "executed_lines": [],
                    "summary": {
                        "covered_lines": 0,
                        "num_statements": 6,
                        "percent_covered": 0.0,
                        "percent_covered_display": "0",
                        "missing_lines": 6,
                        "excluded_lines": 0,
                        "percent_statements_covered": 0.0,
                        "percent_statements_covered_display": "0",
                        "num_branches": 4,
                        "num_partial_branches": 0,
                        "covered_branches": 0,
                        "missing_branches": 4,
                        "percent_branches_covered": 0.0,
                        "percent_branches_covered_display": "0"
                    },
                    "missing_lines": [145, 146, 147, 148, 149, 150],
                    "excluded_lines": [],
                    "executed_branches": [],
                    "missing_branches": [
                        [146, 147],
                        [146, 150],
                        [147, 148],
                        [147, 149]
                    ]
                },
                "BlockingOperationsScanner._get_class_name": {
                    "executed_lines": [],
                    "summary": {
                        "covered_lines": 0,
                        "num_statements": 6,
                        "percent_covered": 0.0,
                        "percent_covered_display": "0",
                        "missing_lines": 6,
                        "excluded_lines": 0,
                        "percent_statements_covered": 0.0,
                        "percent_statements_covered_display": "0",
                        "num_branches": 4,
                        "num_partial_branches": 0,
                        "covered_branches": 0,
                        "missing_branches": 4,
                        "percent_branches_covered": 0.0,
                        "percent_branches_covered_display": "0"
                    },
                    "missing_lines": [154, 155, 156, 157, 158, 159],
                    "excluded_lines": [],
                    "executed_branches": [],
                    "missing_branches": [
                        [155, 156],
                        [155, 159],
                        [156, 157],
                        [156, 158]
                    ]
                },
                "BlockingOperationsScanner._calculate_summary": {
                    "executed_lines": [],
                    "summary": {
                        "covered_lines": 0,
                        "num_statements": 4,
                        "percent_covered": 0.0,
                        "percent_covered_display": "0",
                        "missing_lines": 4,
                        "excluded_lines": 0,
                        "percent_statements_covered": 0.0,
                        "percent_statements_covered_display": "0",
                        "num_branches": 0,
                        "num_partial_branches": 0,
                        "covered_branches": 0,
                        "missing_branches": 0,
                        "percent_branches_covered": 100.0,
                        "percent_branches_covered_display": "100"
                    },
                    "missing_lines": [163, 164, 165, 167],
                    "excluded_lines": [],
                    "executed_branches": [],
                    "missing_branches": []
                },
                "": {
                    "executed_lines": [
                        1, 3, 4, 6, 8, 9, 10, 11, 18, 19, 22, 40, 68, 76, 101,
                        122, 134, 143, 152, 161
                    ],
                    "summary": {
                        "covered_lines": 18,
                        "num_statements": 18,
                        "percent_covered": 100.0,
                        "percent_covered_display": "100",
                        "missing_lines": 0,
                        "excluded_lines": 0,
                        "percent_statements_covered": 100.0,
                        "percent_statements_covered_display": "100",
                        "num_branches": 0,
                        "num_partial_branches": 0,
                        "covered_branches": 0,
                        "missing_branches": 0,
                        "percent_branches_covered": 100.0,
                        "percent_branches_covered_display": "100"
                    },
                    "missing_lines": [],
                    "excluded_lines": [],
                    "executed_branches": [],
                    "missing_branches": []
                }
            },
            "classes": {
                "BlockingOperationsScanner": {
                    "executed_lines": [],
                    "summary": {
                        "covered_lines": 0,
                        "num_statements": 67,
                        "percent_covered": 0.0,
                        "percent_covered_display": "0",
                        "missing_lines": 67,
                        "excluded_lines": 0,
                        "percent_statements_covered": 0.0,
                        "percent_statements_covered_display": "0",
                        "num_branches": 44,
                        "num_partial_branches": 0,
                        "covered_branches": 0,
                        "missing_branches": 44,
                        "percent_branches_covered": 0.0,
                        "percent_branches_covered_display": "0"
                    },
                    "missing_lines": [
                        42, 43, 45, 52, 53, 54, 55, 57, 58, 60, 61, 62, 63, 65,
                        66, 70, 71, 72, 73, 74, 78, 79, 81, 82, 85, 86, 87, 88,
                        99, 103, 104, 105, 106, 107, 110, 120, 124, 125, 126,
                        127, 128, 129, 130, 131, 132, 136, 137, 138, 139, 140,
                        141, 145, 146, 147, 148, 149, 150, 154, 155, 156, 157,
                        158, 159, 163, 164, 165, 167
                    ],
                    "excluded_lines": [],
                    "executed_branches": [],
                    "missing_branches": [
                        [52, 53],
                        [52, 65],
                        [54, 55],
                        [54, 57],
                        [60, 52],
                        [60, 61],
                        [62, 60],
                        [62, 63],
                        [70, 71],
                        [70, 72],
                        [72, 73],
                        [72, 74],
                        [81, 82],
                        [81, 85],
                        [85, 86],
                        [85, 99],
                        [86, 85],
                        [86, 87],
                        [87, 86],
                        [87, 88],
                        [103, 104],
                        [103, 120],
                        [105, 103],
                        [105, 106],
                        [107, 103],
                        [107, 110],
                        [124, 125],
                        [124, 127],
                        [127, 128],
                        [127, 132],
                        [128, 129],
                        [128, 131],
                        [137, 138],
                        [137, 139],
                        [139, 140],
                        [139, 141],
                        [146, 147],
                        [146, 150],
                        [147, 148],
                        [147, 149],
                        [155, 156],
                        [155, 159],
                        [156, 157],
                        [156, 158]
                    ]
                },
                "": {
                    "executed_lines": [
                        1, 3, 4, 6, 8, 9, 10, 11, 18, 19, 22, 40, 68, 76, 101,
                        122, 134, 143, 152, 161
                    ],
                    "summary": {
                        "covered_lines": 18,
                        "num_statements": 18,
                        "percent_covered": 100.0,
                        "percent_covered_display": "100",
                        "missing_lines": 0,
                        "excluded_lines": 0,
                        "percent_statements_covered": 100.0,
                        "percent_statements_covered_display": "100",
                        "num_branches": 0,
                        "num_partial_branches": 0,
                        "covered_branches": 0,
                        "missing_branches": 0,
                        "percent_branches_covered": 100.0,
                        "percent_branches_covered_display": "100"
                    },
                    "missing_lines": [],
                    "excluded_lines": [],
                    "executed_branches": [],
                    "missing_branches": []
                }
            }
        },
        "upcast/scanners/complexity.py": {
            "executed_lines": [
                1, 3, 5, 7, 8, 9, 12, 13, 18, 36, 59, 74, 96, 123, 130, 143
            ],
            "summary": {
                "covered_lines": 14,
                "num_statements": 79,
                "percent_covered": 12.389380530973451,
                "percent_covered_display": "12",
                "missing_lines": 65,
                "excluded_lines": 0,
                "percent_statements_covered": 17.72151898734177,
                "percent_statements_covered_display": "18",
                "num_branches": 34,
                "num_partial_branches": 0,
                "covered_branches": 0,
                "missing_branches": 34,
                "percent_branches_covered": 0.0,
                "percent_branches_covered_display": "0"
            },
            "missing_lines": [
                33, 34, 38, 39, 41, 43, 44, 45, 46, 48, 49, 50, 52, 53, 54, 56,
                57, 61, 63, 64, 65, 66, 68, 69, 70, 72, 76, 77, 78, 79, 80, 82,
                83, 85, 93, 94, 98, 100, 108, 111, 112, 113, 116, 117, 118, 119,
                121, 125, 126, 127, 128, 132, 133, 134, 135, 136, 137, 138, 139,
                141, 145, 146, 147, 148, 150
            ],
            "excluded_lines": [],
            "executed_branches": [],
            "missing_branches": [
                [43, 44],
                [43, 56],
                [45, 46],
                [45, 48],
                [49, 43],
                [49, 50],
                [63, 64],
                [63, 72],
                [65, 66],
                [65, 68],
                [69, 63],
                [69, 70],
                [79, 80],
                [79, 82],
                [100, 108],
                [100, 116],
                [112, 100],
                [112, 113],
                [116, 117],
                [116, 121],
                [118, 116],
                [118, 119],
                [126, 127],
                [126, 128],
                [132, 133],
                [132, 134],
                [134, 135],
                [134, 136],
                [136, 137],
                [136, 138],
                [138, 139],
                [138, 141],
                [147, 148],
                [147, 150]
            ],
            "functions": {
                "ComplexityScanner.__init__": {
                    "executed_lines": [],
                    "summary": {
                        "covered_lines": 0,
                        "num_statements": 2,
                        "percent_covered": 0.0,
                        "percent_covered_display": "0",
                        "missing_lines": 2,
                        "excluded_lines": 0,
                        "percent_statements_covered": 0.0,
                        "percent_statements_covered_display": "0",
                        "num_branches": 0,
                        "num_partial_branches": 0,
                        "covered_branches": 0,
                        "missing_branches": 0,
                        "percent_branches_covered": 100.0,
                        "percent_branches_covered_display": "100"
                    },
                    "missing_lines": [33, 34],
                    "excluded_lines": [],
                    "executed_branches": [],
                    "missing_branches": []
                },
                "ComplexityScanner.scan": {
                    "executed_lines": [],
                    "summary": {
                        "covered_lines": 0,
                        "num_statements": 15,
                        "percent_covered": 0.0,
                        "percent_covered_display": "0",
                        "missing_lines": 15,
                        "excluded_lines": 0,
                        "percent_statements_covered": 0.0,
                        "percent_statements_covered_display": "0",
                        "num_branches": 6,
                        "num_partial_branches": 0,
                        "covered_branches": 0,
                        "missing_branches": 6,
                        "percent_branches_covered": 0.0,
                        "percent_branches_covered_display": "0"
                    },
                    "missing_lines": [
                        38, 39, 41, 43, 44, 45, 46, 48, 49, 50, 52, 53, 54, 56,
                        57
                    ],
                    "excluded_lines": [],
                    "executed_branches": [],
                    "missing_branches": [
                        [43, 44],
                        [43, 56],
                        [45, 46],
                        [45, 48],
                        [49, 43],
                        [49, 50]
                    ]
                },
                "ComplexityScanner._scan_module": {
                    "executed_lines": [],
                    "summary": {
                        "covered_lines": 0,
                        "num_statements": 9,
                        "percent_covered": 0.0,
                        "percent_covered_display": "0",
                        "missing_lines": 9,
                        "excluded_lines": 0,
                        "percent_statements_covered": 0.0,
                        "percent_statements_covered_display": "0",
                        "num_branches": 6,
                        "num_partial_branches": 0,
                        "covered_branches": 0,
                        "missing_branches": 6,
                        "percent_branches_covered": 0.0,
                        "percent_branches_covered_display": "0"
                    },
                    "missing_lines": [61, 63, 64, 65, 66, 68, 69, 70, 72],
                    "excluded_lines": [],
                    "executed_branches": [],
                    "missing_branches": [
                        [63, 64],
                        [63, 72],
                        [65, 66],
                        [65, 68],
                        [69, 63],
                        [69, 70]
                    ]
                },
                "ComplexityScanner._analyze_function": {
                    "executed_lines": [],
                    "summary": {
                        "covered_lines": 0,
                        "num_statements": 10,
                        "percent_covered": 0.0,
                        "percent_covered_display": "0",
                        "missing_lines": 10,
                        "excluded_lines": 0,
                        "percent_statements_covered": 0.0,
                        "percent_statements_covered_display": "0",
                        "num_branches": 2,
                        "num_partial_branches": 0,
                        "covered_branches": 0,
                        "missing_branches": 2,
                        "percent_branches_covered": 0.0,
                        "percent_branches_covered_display": "0"
                    },
                    "missing_lines": [76, 77, 78, 79, 80, 82, 83, 85, 93, 94],
                    "excluded_lines": [],
                    "executed_branches": [],
                    "missing_branches": [
                        [79, 80],
                        [79, 82]
                    ]
                },
                "ComplexityScanner._calculate_complexity": {
                    "executed_lines": [],
                    "summary": {
                        "covered_lines": 0,
                        "num_statements": 11,
                        "percent_covered": 0.0,
                        "percent_covered_display": "0",
                        "missing_lines": 11,
                        "excluded_lines": 0,
                        "percent_statements_covered": 0.0,
                        "percent_statements_covered_display": "0",
                        "num_branches": 8,
                        "num_partial_branches": 0,
                        "covered_branches": 0,
                        "missing_branches": 8,
                        "percent_branches_covered": 0.0,
                        "percent_branches_covered_display": "0"
                    },
                    "missing_lines": [
                        98, 100, 108, 111, 112, 113, 116, 117, 118, 119, 121
                    ],
                    "excluded_lines": [],
                    "executed_branches": [],
                    "missing_branches": [
                        [100, 108],
                        [100, 116],
                        [112, 100],
                        [112, 113],
                        [116, 117],
                        [116, 121],
                        [118, 116],
                        [118, 119]
                    ]
                },
                "ComplexityScanner._count_bool_ops": {
                    "executed_lines": [],
                    "summary": {
                        "covered_lines": 0,
                        "num_statements": 4,
                        "percent_covered": 0.0,
                        "percent_covered_display": "0",
                        "missing_lines": 4,
                        "excluded_lines": 0,
                        "percent_statements_covered": 0.0,
                        "percent_statements_covered_display": "0",
                        "num_branches": 2,
                        "num_partial_branches": 0,
                        "covered_branches": 0,
                        "missing_branches": 2,
                        "percent_branches_covered": 0.0,
                        "percent_branches_covered_display": "0"
                    },
                    "missing_lines": [125, 126, 127, 128],
                    "excluded_lines": [],
                    "executed_branches": [],
                    "missing_branches": [
                        [126, 127],
                        [126, 128]
                    ]
                },
                "ComplexityScanner._assign_severity": {
                    "executed_lines": [],
                    "summary": {
                        "covered_lines": 0,
                        "num_statements": 9,
                        "percent_covered": 0.0,
                        "percent_covered_display": "0",
                        "missing_lines": 9,
                        "excluded_lines": 0,
                        "percent_statements_covered": 0.0,
                        "percent_statements_covered_display": "0",
                        "num_branches": 8,
                        "num_partial_branches": 0,
                        "covered_branches": 0,
                        "missing_branches": 8,
                        "percent_branches_covered": 0.0,
                        "percent_branches_covered_display": "0"
                    },
                    "missing_lines": [
                        132, 133, 134, 135, 136, 137, 138, 139, 141
                    ],
                    "excluded_lines": [],
                    "executed_branches": [],
                    "missing_branches": [
                        [132, 133],
                        [132, 134],
                        [134, 135],
                        [134, 136],
                        [136, 137],
                        [136, 138],
                        [138, 139],
                        [138, 141]
                    ]
                },
                "ComplexityScanner._calculate_summary": {
                    "executed_lines": [],
                    "summary": {
                        "covered_lines": 0,
                        "num_statements": 5,
                        "percent_covered": 0.0,
                        "percent_covered_display": "0",
                        "missing_lines": 5,
                        "excluded_lines": 0,
                        "percent_statements_covered": 0.0,
                        "percent_statements_covered_display": "0",
                        "num_branches": 2,
                        "num_partial_branches": 0,
                        "covered_branches": 0,
                        "missing_branches": 2,
                        "percent_branches_covered": 0.0,
                        "percent_branches_covered_display": "0"
                    },
                    "missing_lines": [145, 146, 147, 148, 150],
                    "excluded_lines": [],
                    "executed_branches": [],
                    "missing_branches": [
                        [147, 148],
                        [147, 150]
                    ]
                },
                "": {
                    "executed_lines": [
                        1, 3, 5, 7, 8, 9, 12, 13, 18, 36, 59, 74, 96, 123, 130,
                        143
                    ],
                    "summary": {
                        "covered_lines": 14,
                        "num_statements": 14,
                        "percent_covered": 100.0,
                        "percent_covered_display": "100",
                        "missing_lines": 0,
                        "excluded_lines": 0,
                        "percent_statements_covered": 100.0,
                        "percent_statements_covered_display": "100",
                        "num_branches": 0,
                        "num_partial_branches": 0,
                        "covered_branches": 0,
                        "missing_branches": 0,
                        "percent_branches_covered": 100.0,
                        "percent_branches_covered_display": "100"
                    },
                    "missing_lines": [],
                    "excluded_lines": [],
                    "executed_branches": [],
                    "missing_branches": []
                }
            },
            "classes": {
                "ComplexityScanner": {
                    "executed_lines": [],
                    "summary": {
                        "covered_lines": 0,
                        "num_statements": 65,
                        "percent_covered": 0.0,
                        "percent_covered_display": "0",
                        "missing_lines": 65,
                        "excluded_lines": 0,
                        "percent_statements_covered": 0.0,
                        "percent_statements_covered_display": "0",
                        "num_branches": 34,
                        "num_partial_branches": 0,
                        "covered_branches": 0,
                        "missing_branches": 34,
                        "percent_branches_covered": 0.0,
                        "percent_branches_covered_display": "0"
                    },
                    "missing_lines": [
                        33, 34, 38, 39, 41, 43, 44, 45, 46, 48, 49, 50, 52, 53,
                        54, 56, 57, 61, 63, 64, 65, 66, 68, 69, 70, 72, 76, 77,
                        78, 79, 80, 82, 83, 85, 93, 94, 98, 100, 108, 111, 112,
                        113, 116, 117, 118, 119, 121, 125, 126, 127, 128, 132,
                        133, 134, 135, 136, 137, 138, 139, 141, 145, 146, 147,
                        148, 150
                    ],
                    "excluded_lines": [],
                    "executed_branches": [],
                    "missing_branches": [
                        [43, 44],
                        [43, 56],
                        [45, 46],
                        [45, 48],
                        [49, 43],
                        [49, 50],
                        [63, 64],
                        [63, 72],
                        [65, 66],
                        [65, 68],
                        [69, 63],
                        [69, 70],
                        [79, 80],
                        [79, 82],
                        [100, 108],
                        [100, 116],
                        [112, 100],
                        [112, 113],
                        [116, 117],
                        [116, 121],
                        [118, 116],
                        [118, 119],
                        [126, 127],
                        [126, 128],
                        [132, 133],
                        [132, 134],
                        [134, 135],
                        [134, 136],
                        [136, 137],
                        [136, 138],
                        [138, 139],
                        [138, 141],
                        [147, 148],
                        [147, 150]
                    ]
                },
                "": {
                    "executed_lines": [
                        1, 3, 5, 7, 8, 9, 12, 13, 18, 36, 59, 74, 96, 123, 130,
                        143
                    ],
                    "summary": {
                        "covered_lines": 14,
                        "num_statements": 14,
                        "percent_covered": 100.0,
                        "percent_covered_display": "100",
                        "missing_lines": 0,
                        "excluded_lines": 0,
                        "percent_statements_covered": 100.0,
                        "percent_statements_covered_display": "100",
                        "num_branches": 0,
                        "num_partial_branches": 0,
                        "covered_branches": 0,
                        "missing_branches": 0,
                        "percent_branches_covered": 100.0,
                        "percent_branches_covered_display": "100"
                    },
                    "missing_lines": [],
                    "excluded_lines": [],
                    "executed_branches": [],
                    "missing_branches": []
                }
            }
        },
        "upcast/scanners/concurrency.py": {
            "executed_lines": [
                1, 3, 4, 6, 8, 9, 10, 11, 14, 15, 17, 48, 90, 104, 124, 135,
                143, 155
            ],
            "summary": {
                "covered_lines": 16,
                "num_statements": 74,
                "percent_covered": 14.035087719298245,
                "percent_covered_display": "14",
                "missing_lines": 58,
                "excluded_lines": 0,
                "percent_statements_covered": 21.62162162162162,
                "percent_statements_covered_display": "22",
                "num_branches": 40,
                "num_partial_branches": 0,
                "covered_branches": 0,
                "missing_branches": 40,
                "percent_branches_covered": 0.0,
                "percent_branches_covered_display": "0"
            },
            "missing_lines": [
                50, 51, 53, 60, 61, 62, 63, 65, 66, 69, 70, 71, 78, 81, 82, 83,
                84, 85, 87, 88, 92, 93, 100, 101, 102, 106, 107, 108, 111, 112,
                113, 114, 122, 126, 127, 128, 129, 130, 131, 132, 133, 137, 138,
                139, 140, 141, 151, 152, 153, 157, 158, 160, 161, 162, 163, 164,
                166, 173
            ],
            "excluded_lines": [],
            "executed_branches": [],
            "missing_branches": [
                [60, 61],
                [60, 87],
                [62, 63],
                [62, 65],
                [69, 70],
                [69, 81],
                [70, 69],
                [70, 71],
                [81, 60],
                [81, 82],
                [83, 81],
                [83, 84],
                [92, 93],
                [92, 100],
                [100, 101],
                [100, 102],
                [107, 108],
                [107, 111],
                [111, 112],
                [111, 122],
                [112, 111],
                [112, 113],
                [113, 112],
                [113, 114],
                [126, 127],
                [126, 128],
                [128, 129],
                [128, 133],
                [129, 130],
                [129, 132],
                [138, 139],
                [138, 141],
                [139, 138],
                [139, 140],
                [151, 152],
                [151, 153],
                [160, 161],
                [160, 166],
                [162, 160],
                [162, 163]
            ],
            "functions": {
                "ConcurrencyScanner.scan": {
                    "executed_lines": [],
                    "summary": {
                        "covered_lines": 0,
                        "num_statements": 20,
                        "percent_covered": 0.0,
                        "percent_covered_display": "0",
                        "missing_lines": 20,
                        "excluded_lines": 0,
                        "percent_statements_covered": 0.0,
                        "percent_statements_covered_display": "0",
                        "num_branches": 12,
                        "num_partial_branches": 0,
                        "covered_branches": 0,
                        "missing_branches": 12,
                        "percent_branches_covered": 0.0,
                        "percent_branches_covered_display": "0"
                    },
                    "missing_lines": [
                        50, 51, 53, 60, 61, 62, 63, 65, 66, 69, 70, 71, 78, 81,
                        82, 83, 84, 85, 87, 88
                    ],
                    "excluded_lines": [],
                    "executed_branches": [],
                    "missing_branches": [
                        [60, 61],
                        [60, 87],
                        [62, 63],
                        [62, 65],
                        [69, 70],
                        [69, 81],
                        [70, 69],
                        [70, 71],
                        [81, 60],
                        [81, 82],
                        [83, 81],
                        [83, 84]
                    ]
                },
                "ConcurrencyScanner._check_node": {
                    "executed_lines": [],
                    "summary": {
                        "covered_lines": 0,
                        "num_statements": 5,
                        "percent_covered": 0.0,
                        "percent_covered_display": "0",
                        "missing_lines": 5,
                        "excluded_lines": 0,
                        "percent_statements_covered": 0.0,
                        "percent_statements_covered_display": "0",
                        "num_branches": 4,
                        "num_partial_branches": 0,
                        "covered_branches": 0,
                        "missing_branches": 4,
                        "percent_branches_covered": 0.0,
                        "percent_branches_covered_display": "0"
                    },
                    "missing_lines": [92, 93, 100, 101, 102],
                    "excluded_lines": [],
                    "executed_branches": [],
                    "missing_branches": [
                        [92, 93],
                        [92, 100],
                        [100, 101],
                        [100, 102]
                    ]
                },
                "ConcurrencyScanner._check_call": {
                    "executed_lines": [],
                    "summary": {
                        "covered_lines": 0,
                        "num_statements": 8,
                        "percent_covered": 0.0,
                        "percent_covered_display": "0",
                        "missing_lines": 8,
                        "excluded_lines": 0,
                        "percent_statements_covered": 0.0,
                        "percent_statements_covered_display": "0",
                        "num_branches": 8,
                        "num_partial_branches": 0,
                        "covered_branches": 0,
                        "missing_branches": 8,
                        "percent_branches_covered": 0.0,
                        "percent_branches_covered_display": "0"
                    },
                    "missing_lines": [106, 107, 108, 111, 112, 113, 114, 122],
                    "excluded_lines": [],
                    "executed_branches": [],
                    "missing_branches": [
                        [107, 108],
                        [107, 111],
                        [111, 112],
                        [111, 122],
                        [112, 111],
                        [112, 113],
                        [113, 112],
                        [113, 114]
                    ]
                },
                "ConcurrencyScanner._get_qualified_name": {
                    "executed_lines": [],
                    "summary": {
                        "covered_lines": 0,
                        "num_statements": 8,
                        "percent_covered": 0.0,
                        "percent_covered_display": "0",
                        "missing_lines": 8,
                        "excluded_lines": 0,
                        "percent_statements_covered": 0.0,
                        "percent_statements_covered_display": "0",
                        "num_branches": 6,
                        "num_partial_branches": 0,
                        "covered_branches": 0,
                        "missing_branches": 6,
                        "percent_branches_covered": 0.0,
                        "percent_branches_covered_display": "0"
                    },
                    "missing_lines": [126, 127, 128, 129, 130, 131, 132, 133],
                    "excluded_lines": [],
                    "executed_branches": [],
                    "missing_branches": [
                        [126, 127],
                        [126, 128],
                        [128, 129],
                        [128, 133],
                        [129, 130],
                        [129, 132]
                    ]
                },
                "ConcurrencyScanner._categorize_pattern": {
                    "executed_lines": [],
                    "summary": {
                        "covered_lines": 0,
                        "num_statements": 5,
                        "percent_covered": 0.0,
                        "percent_covered_display": "0",
                        "missing_lines": 5,
                        "excluded_lines": 0,
                        "percent_statements_covered": 0.0,
                        "percent_statements_covered_display": "0",
                        "num_branches": 4,
                        "num_partial_branches": 0,
                        "covered_branches": 0,
                        "missing_branches": 4,
                        "percent_branches_covered": 0.0,
                        "percent_branches_covered_display": "0"
                    },
                    "missing_lines": [137, 138, 139, 140, 141],
                    "excluded_lines": [],
                    "executed_branches": [],
                    "missing_branches": [
                        [138, 139],
                        [138, 141],
                        [139, 138],
                        [139, 140]
                    ]
                },
                "ConcurrencyScanner._add_pattern": {
                    "executed_lines": [],
                    "summary": {
                        "covered_lines": 0,
                        "num_statements": 3,
                        "percent_covered": 0.0,
                        "percent_covered_display": "0",
                        "missing_lines": 3,
                        "excluded_lines": 0,
                        "percent_statements_covered": 0.0,
                        "percent_statements_covered_display": "0",
                        "num_branches": 2,
                        "num_partial_branches": 0,
                        "covered_branches": 0,
                        "missing_branches": 2,
                        "percent_branches_covered": 0.0,
                        "percent_branches_covered_display": "0"
                    },
                    "missing_lines": [151, 152, 153],
                    "excluded_lines": [],
                    "executed_branches": [],
                    "missing_branches": [
                        [151, 152],
                        [151, 153]
                    ]
                },
                "ConcurrencyScanner._calculate_summary": {
                    "executed_lines": [],
                    "summary": {
                        "covered_lines": 0,
                        "num_statements": 9,
                        "percent_covered": 0.0,
                        "percent_covered_display": "0",
                        "missing_lines": 9,
                        "excluded_lines": 0,
                        "percent_statements_covered": 0.0,
                        "percent_statements_covered_display": "0",
                        "num_branches": 4,
                        "num_partial_branches": 0,
                        "covered_branches": 0,
                        "missing_branches": 4,
                        "percent_branches_covered": 0.0,
                        "percent_branches_covered_display": "0"
                    },
                    "missing_lines": [
                        157, 158, 160, 161, 162, 163, 164, 166, 173
                    ],
                    "excluded_lines": [],
                    "executed_branches": [],
                    "missing_branches": [
                        [160, 161],
                        [160, 166],
                        [162, 160],
                        [162, 163]
                    ]
                },
                "": {
                    "executed_lines": [
                        1, 3, 4, 6, 8, 9, 10, 11, 14, 15, 17, 48, 90, 104, 124,
                        135, 143, 155
                    ],
                    "summary": {
                        "covered_lines": 16,
                        "num_statements": 16,
                        "percent_covered": 100.0,
                        "percent_covered_display": "100",
                        "missing_lines": 0,
                        "excluded_lines": 0,
                        "percent_statements_covered": 100.0,
                        "percent_statements_covered_display": "100",
                        "num_branches": 0,
                        "num_partial_branches": 0,
                        "covered_branches": 0,
                        "missing_branches": 0,
                        "percent_branches_covered": 100.0,
                        "percent_branches_covered_display": "100"
                    },
                    "missing_lines": [],
                    "excluded_lines": [],
                    "executed_branches": [],
                    "missing_branches": []
                }
            },
            "classes": {
                "ConcurrencyScanner": {
                    "executed_lines": [],
                    "summary": {
                        "covered_lines": 0,
                        "num_statements": 58,
                        "percent_covered": 0.0,
                        "percent_covered_display": "0",
                        "missing_lines": 58,
                        "excluded_lines": 0,
                        "percent_statements_covered": 0.0,
                        "percent_statements_covered_display": "0",
                        "num_branches": 40,
                        "num_partial_branches": 0,
                        "covered_branches": 0,
                        "missing_branches": 40,
                        "percent_branches_covered": 0.0,
                        "percent_branches_covered_display": "0"
                    },
                    "missing_lines": [
                        50, 51, 53, 60, 61, 62, 63, 65, 66, 69, 70, 71, 78, 81,
                        82, 83, 84, 85, 87, 88, 92, 93, 100, 101, 102, 106, 107,
                        108, 111, 112, 113, 114, 122, 126, 127, 128, 129, 130,
                        131, 132, 133, 137, 138, 139, 140, 141, 151, 152, 153,
                        157, 158, 160, 161, 162, 163, 164, 166, 173
                    ],
                    "excluded_lines": [],
                    "executed_branches": [],
                    "missing_branches": [
                        [60, 61],
                        [60, 87],
                        [62, 63],
                        [62, 65],
                        [69, 70],
                        [69, 81],
                        [70, 69],
                        [70, 71],
                        [81, 60],
                        [81, 82],
                        [83, 81],
                        [83, 84],
                        [92, 93],
                        [92, 100],
                        [100, 101],
                        [100, 102],
                        [107, 108],
                        [107, 111],
                        [111, 112],
                        [111, 122],
                        [112, 111],
                        [112, 113],
                        [113, 112],
                        [113, 114],
                        [126, 127],
                        [126, 128],
                        [128, 129],
                        [128, 133],
                        [129, 130],
                        [129, 132],
                        [138, 139],
                        [138, 141],
                        [139, 138],
                        [139, 140],
                        [151, 152],
                        [151, 153],
                        [160, 161],
                        [160, 166],
                        [162, 160],
                        [162, 163]
                    ]
                },
                "": {
                    "executed_lines": [
                        1, 3, 4, 6, 8, 9, 10, 11, 14, 15, 17, 48, 90, 104, 124,
                        135, 143, 155
                    ],
                    "summary": {
                        "covered_lines": 16,
                        "num_statements": 16,
                        "percent_covered": 100.0,
                        "percent_covered_display": "100",
                        "missing_lines": 0,
                        "excluded_lines": 0,
                        "percent_statements_covered": 100.0,
                        "percent_statements_covered_display": "100",
                        "num_branches": 0,
                        "num_partial_branches": 0,
                        "covered_branches": 0,
                        "missing_branches": 0,
                        "percent_branches_covered": 100.0,
                        "percent_branches_covered_display": "100"
                    },
                    "missing_lines": [],
                    "excluded_lines": [],
                    "executed_branches": [],
                    "missing_branches": []
                }
            }
        },
        "upcast/scanners/django_models.py": {
            "executed_lines": [
                1, 7, 8, 9, 10, 12, 14, 15, 16, 17, 25, 28, 29, 31, 54, 89, 120,
                176
            ],
            "summary": {
                "covered_lines": 16,
                "num_statements": 72,
                "percent_covered": 15.686274509803921,
                "percent_covered_display": "16",
                "missing_lines": 56,
                "excluded_lines": 0,
                "percent_statements_covered": 22.22222222222222,
                "percent_statements_covered_display": "22",
                "num_branches": 30,
                "num_partial_branches": 0,
                "covered_branches": 0,
                "missing_branches": 30,
                "percent_branches_covered": 0.0,
                "percent_branches_covered_display": "0"
            },
            "missing_lines": [
                45, 46, 48, 63, 64, 67, 68, 69, 70, 73, 74, 75, 78, 79, 80, 81,
                82, 84, 85, 87, 98, 99, 100, 102, 105, 106, 107, 110, 111, 112,
                113, 115, 116, 118, 129, 131, 132, 134, 135, 143, 144, 145, 156,
                157, 158, 159, 160, 162, 171, 172, 173, 174, 190, 191, 192, 194
            ],
            "excluded_lines": [],
            "executed_branches": [],
            "missing_branches": [
                [68, 69],
                [68, 73],
                [73, 74],
                [73, 78],
                [74, 73],
                [74, 75],
                [79, 80],
                [79, 84],
                [81, 79],
                [81, 82],
                [99, 100],
                [99, 102],
                [105, 106],
                [105, 115],
                [106, 107],
                [106, 110],
                [111, 105],
                [111, 112],
                [115, 116],
                [115, 118],
                [132, 134],
                [132, 143],
                [144, 145],
                [144, 156],
                [157, 158],
                [157, 159],
                [159, 160],
                [159, 162],
                [172, 173],
                [172, 174]
            ],
            "functions": {
                "DjangoModelScanner.__init__": {
                    "executed_lines": [],
                    "summary": {
                        "covered_lines": 0,
                        "num_statements": 3,
                        "percent_covered": 0.0,
                        "percent_covered_display": "0",
                        "missing_lines": 3,
                        "excluded_lines": 0,
                        "percent_statements_covered": 0.0,
                        "percent_statements_covered_display": "0",
                        "num_branches": 0,
                        "num_partial_branches": 0,
                        "covered_branches": 0,
                        "missing_branches": 0,
                        "percent_branches_covered": 100.0,
                        "percent_branches_covered_display": "100"
                    },
                    "missing_lines": [45, 46, 48],
                    "excluded_lines": [],
                    "executed_branches": [],
                    "missing_branches": []
                },
                "DjangoModelScanner.scan": {
                    "executed_lines": [],
                    "summary": {
                        "covered_lines": 0,
                        "num_statements": 17,
                        "percent_covered": 0.0,
                        "percent_covered_display": "0",
                        "missing_lines": 17,
                        "excluded_lines": 0,
                        "percent_statements_covered": 0.0,
                        "percent_statements_covered_display": "0",
                        "num_branches": 10,
                        "num_partial_branches": 0,
                        "covered_branches": 0,
                        "missing_branches": 10,
                        "percent_branches_covered": 0.0,
                        "percent_branches_covered_display": "0"
                    },
                    "missing_lines": [
                        63, 64, 67, 68, 69, 70, 73, 74, 75, 78, 79, 80, 81, 82,
                        84, 85, 87
                    ],
                    "excluded_lines": [],
                    "executed_branches": [],
                    "missing_branches": [
                        [68, 69],
                        [68, 73],
                        [73, 74],
                        [73, 78],
                        [74, 73],
                        [74, 75],
                        [79, 80],
                        [79, 84],
                        [81, 79],
                        [81, 82]
                    ]
                },
                "DjangoModelScanner._scan_file": {
                    "executed_lines": [],
                    "summary": {
                        "covered_lines": 0,
                        "num_statements": 14,
                        "percent_covered": 0.0,
                        "percent_covered_display": "0",
                        "missing_lines": 14,
                        "excluded_lines": 0,
                        "percent_statements_covered": 0.0,
                        "percent_statements_covered_display": "0",
                        "num_branches": 10,
                        "num_partial_branches": 0,
                        "covered_branches": 0,
                        "missing_branches": 10,
                        "percent_branches_covered": 0.0,
                        "percent_branches_covered_display": "0"
                    },
                    "missing_lines": [
                        98, 99, 100, 102, 105, 106, 107, 110, 111, 112, 113,
                        115, 116, 118
                    ],
                    "excluded_lines": [],
                    "executed_branches": [],
                    "missing_branches": [
                        [99, 100],
                        [99, 102],
                        [105, 106],
                        [105, 115],
                        [106, 107],
                        [106, 110],
                        [111, 105],
                        [111, 112],
                        [115, 116],
                        [115, 118]
                    ]
                },
                "DjangoModelScanner._convert_to_pydantic": {
                    "executed_lines": [],
                    "summary": {
                        "covered_lines": 0,
                        "num_statements": 18,
                        "percent_covered": 0.0,
                        "percent_covered_display": "0",
                        "missing_lines": 18,
                        "excluded_lines": 0,
                        "percent_statements_covered": 0.0,
                        "percent_statements_covered_display": "0",
                        "num_branches": 10,
                        "num_partial_branches": 0,
                        "covered_branches": 0,
                        "missing_branches": 10,
                        "percent_branches_covered": 0.0,
                        "percent_branches_covered_display": "0"
                    },
                    "missing_lines": [
                        129, 131, 132, 134, 135, 143, 144, 145, 156, 157, 158,
                        159, 160, 162, 171, 172, 173, 174
                    ],
                    "excluded_lines": [],
                    "executed_branches": [],
                    "missing_branches": [
                        [132, 134],
                        [132, 143],
                        [144, 145],
                        [144, 156],
                        [157, 158],
                        [157, 159],
                        [159, 160],
                        [159, 162],
                        [172, 173],
                        [172, 174]
                    ]
                },
                "DjangoModelScanner._calculate_summary": {
                    "executed_lines": [],
                    "summary": {
                        "covered_lines": 0,
                        "num_statements": 4,
                        "percent_covered": 0.0,
                        "percent_covered_display": "0",
                        "missing_lines": 4,
                        "excluded_lines": 0,
                        "percent_statements_covered": 0.0,
                        "percent_statements_covered_display": "0",
                        "num_branches": 0,
                        "num_partial_branches": 0,
                        "covered_branches": 0,
                        "missing_branches": 0,
                        "percent_branches_covered": 100.0,
                        "percent_branches_covered_display": "100"
                    },
                    "missing_lines": [190, 191, 192, 194],
                    "excluded_lines": [],
                    "executed_branches": [],
                    "missing_branches": []
                },
                "": {
                    "executed_lines": [
                        1, 7, 8, 9, 10, 12, 14, 15, 16, 17, 25, 28, 29, 31, 54,
                        89, 120, 176
                    ],
                    "summary": {
                        "covered_lines": 16,
                        "num_statements": 16,
                        "percent_covered": 100.0,
                        "percent_covered_display": "100",
                        "missing_lines": 0,
                        "excluded_lines": 0,
                        "percent_statements_covered": 100.0,
                        "percent_statements_covered_display": "100",
                        "num_branches": 0,
                        "num_partial_branches": 0,
                        "covered_branches": 0,
                        "missing_branches": 0,
                        "percent_branches_covered": 100.0,
                        "percent_branches_covered_display": "100"
                    },
                    "missing_lines": [],
                    "excluded_lines": [],
                    "executed_branches": [],
                    "missing_branches": []
                }
            },
            "classes": {
                "DjangoModelScanner": {
                    "executed_lines": [],
                    "summary": {
                        "covered_lines": 0,
                        "num_statements": 56,
                        "percent_covered": 0.0,
                        "percent_covered_display": "0",
                        "missing_lines": 56,
                        "excluded_lines": 0,
                        "percent_statements_covered": 0.0,
                        "percent_statements_covered_display": "0",
                        "num_branches": 30,
                        "num_partial_branches": 0,
                        "covered_branches": 0,
                        "missing_branches": 30,
                        "percent_branches_covered": 0.0,
                        "percent_branches_covered_display": "0"
                    },
                    "missing_lines": [
                        45, 46, 48, 63, 64, 67, 68, 69, 70, 73, 74, 75, 78, 79,
                        80, 81, 82, 84, 85, 87, 98, 99, 100, 102, 105, 106, 107,
                        110, 111, 112, 113, 115, 116, 118, 129, 131, 132, 134,
                        135, 143, 144, 145, 156, 157, 158, 159, 160, 162, 171,
                        172, 173, 174, 190, 191, 192, 194
                    ],
                    "excluded_lines": [],
                    "executed_branches": [],
                    "missing_branches": [
                        [68, 69],
                        [68, 73],
                        [73, 74],
                        [73, 78],
                        [74, 73],
                        [74, 75],
                        [79, 80],
                        [79, 84],
                        [81, 79],
                        [81, 82],
                        [99, 100],
                        [99, 102],
                        [105, 106],
                        [105, 115],
                        [106, 107],
                        [106, 110],
                        [111, 105],
                        [111, 112],
                        [115, 116],
                        [115, 118],
                        [132, 134],
                        [132, 143],
                        [144, 145],
                        [144, 156],
                        [157, 158],
                        [157, 159],
                        [159, 160],
                        [159, 162],
                        [172, 173],
                        [172, 174]
                    ]
                },
                "": {
                    "executed_lines": [
                        1, 7, 8, 9, 10, 12, 14, 15, 16, 17, 25, 28, 29, 31, 54,
                        89, 120, 176
                    ],
                    "summary": {
                        "covered_lines": 16,
                        "num_statements": 16,
                        "percent_covered": 100.0,
                        "percent_covered_display": "100",
                        "missing_lines": 0,
                        "excluded_lines": 0,
                        "percent_statements_covered": 100.0,
                        "percent_statements_covered_display": "100",
                        "num_branches": 0,
                        "num_partial_branches": 0,
                        "covered_branches": 0,
                        "missing_branches": 0,
                        "percent_branches_covered": 100.0,
                        "percent_branches_covered_display": "100"
                    },
                    "missing_lines": [],
                    "excluded_lines": [],
                    "executed_branches": [],
                    "missing_branches": []
                }
            }
        },
        "upcast/scanners/django_settings.py": {
            "executed_lines": [
                1, 7, 8, 9, 11, 13, 14, 20, 21, 30, 33, 34, 36, 51, 94, 133,
                170, 195, 224, 267, 299
            ],
            "summary": {
                "covered_lines": 19,
                "num_statements": 113,
                "percent_covered": 12.258064516129032,
                "percent_covered_display": "12",
                "missing_lines": 94,
                "excluded_lines": 0,
                "percent_statements_covered": 16.8141592920354,
                "percent_statements_covered_display": "17",
                "num_branches": 42,
                "num_partial_branches": 0,
                "covered_branches": 0,
                "missing_branches": 42,
                "percent_branches_covered": 0.0,
                "percent_branches_covered_display": "0"
            },
            "missing_lines": [
                47, 48, 49, 60, 62, 64, 67, 68, 75, 80, 87, 103, 104, 106, 108,
                109, 111, 113, 114, 115, 117, 118, 120, 121, 123, 131, 142, 143,
                145, 146, 147, 148, 150, 151, 152, 153, 154, 156, 158, 160, 168,
                180, 181, 182, 184, 185, 188, 190, 191, 193, 207, 208, 209, 210,
                211, 214, 215, 216, 217, 218, 221, 222, 244, 245, 246, 247, 248,
                251, 253, 261, 262, 264, 265, 276, 278, 279, 281, 291, 292, 295,
                296, 297, 309, 311, 314, 316, 317, 318, 325, 335, 340, 341, 342,
                343
            ],
            "excluded_lines": [],
            "executed_branches": [],
            "missing_branches": [
                [67, 68],
                [67, 80],
                [106, 108],
                [106, 120],
                [108, 109],
                [108, 111],
                [113, 106],
                [113, 114],
                [114, 115],
                [114, 117],
                [145, 146],
                [145, 158],
                [146, 145],
                [146, 147],
                [148, 145],
                [148, 150],
                [181, 182],
                [181, 184],
                [190, 191],
                [190, 193],
                [207, 208],
                [207, 214],
                [208, 209],
                [208, 221],
                [210, 211],
                [210, 221],
                [214, 215],
                [214, 221],
                [216, 217],
                [216, 221],
                [221, -195],
                [221, 222],
                [261, 262],
                [261, 264],
                [279, 281],
                [279, 295],
                [281, 291],
                [281, 292],
                [317, 318],
                [317, 325],
                [341, 342],
                [341, 343]
            ],
            "functions": {
                "DjangoSettingsScanner.__init__": {
                    "executed_lines": [],
                    "summary": {
                        "covered_lines": 0,
                        "num_statements": 3,
                        "percent_covered": 0.0,
                        "percent_covered_display": "0",
                        "missing_lines": 3,
                        "excluded_lines": 0,
                        "percent_statements_covered": 0.0,
                        "percent_statements_covered_display": "0",
                        "num_branches": 0,
                        "num_partial_branches": 0,
                        "covered_branches": 0,
                        "missing_branches": 0,
                        "percent_branches_covered": 100.0,
                        "percent_branches_covered_display": "100"
                    },
                    "missing_lines": [47, 48, 49],
                    "excluded_lines": [],
                    "executed_branches": [],
                    "missing_branches": []
                },
                "DjangoSettingsScanner.scan": {
                    "executed_lines": [],
                    "summary": {
                        "covered_lines": 0,
                        "num_statements": 8,
                        "percent_covered": 0.0,
                        "percent_covered_display": "0",
                        "missing_lines": 8,
                        "excluded_lines": 0,
                        "percent_statements_covered": 0.0,
                        "percent_statements_covered_display": "0",
                        "num_branches": 2,
                        "num_partial_branches": 0,
                        "covered_branches": 0,
                        "missing_branches": 2,
                        "percent_branches_covered": 0.0,
                        "percent_branches_covered_display": "0"
                    },
                    "missing_lines": [60, 62, 64, 67, 68, 75, 80, 87],
                    "excluded_lines": [],
                    "executed_branches": [],
                    "missing_branches": [
                        [67, 68],
                        [67, 80]
                    ]
                },
                "DjangoSettingsScanner._scan_usages": {
                    "executed_lines": [],
                    "summary": {
                        "covered_lines": 0,
                        "num_statements": 15,
                        "percent_covered": 0.0,
                        "percent_covered_display": "0",
                        "missing_lines": 15,
                        "excluded_lines": 0,
                        "percent_statements_covered": 0.0,
                        "percent_statements_covered_display": "0",
                        "num_branches": 8,
                        "num_partial_branches": 0,
                        "covered_branches": 0,
                        "missing_branches": 8,
                        "percent_branches_covered": 0.0,
                        "percent_branches_covered_display": "0"
                    },
                    "missing_lines": [
                        103, 104, 106, 108, 109, 111, 113, 114, 115, 117, 118,
                        120, 121, 123, 131
                    ],
                    "excluded_lines": [],
                    "executed_branches": [],
                    "missing_branches": [
                        [106, 108],
                        [106, 120],
                        [108, 109],
                        [108, 111],
                        [113, 106],
                        [113, 114],
                        [114, 115],
                        [114, 117]
                    ]
                },
                "DjangoSettingsScanner._scan_definitions": {
                    "executed_lines": [],
                    "summary": {
                        "covered_lines": 0,
                        "num_statements": 15,
                        "percent_covered": 0.0,
                        "percent_covered_display": "0",
                        "missing_lines": 15,
                        "excluded_lines": 0,
                        "percent_statements_covered": 0.0,
                        "percent_statements_covered_display": "0",
                        "num_branches": 6,
                        "num_partial_branches": 0,
                        "covered_branches": 0,
                        "missing_branches": 6,
                        "percent_branches_covered": 0.0,
                        "percent_branches_covered_display": "0"
                    },
                    "missing_lines": [
                        142, 143, 145, 146, 147, 148, 150, 151, 152, 153, 154,
                        156, 158, 160, 168
                    ],
                    "excluded_lines": [],
[...]
                        "num_branches": 8,
                        "num_partial_branches": 0,
                        "covered_branches": 0,
                        "missing_branches": 8,
                        "percent_branches_covered": 0.0,
                        "percent_branches_covered_display": "0"
                    },
                    "missing_lines": [
                        84, 85, 86, 88, 89, 92, 93, 94, 95, 97, 98, 100
                    ],
                    "excluded_lines": [],
                    "executed_branches": [],
                    "missing_branches": [
                        [85, 86],
                        [85, 88],
                        [92, 93],
                        [92, 97],
                        [94, 92],
                        [94, 95],
                        [97, 98],
                        [97, 100]
                    ]
                },
                "UnitTestScanner._check_function": {
                    "executed_lines": [],
                    "summary": {
                        "covered_lines": 0,
                        "num_statements": 10,
                        "percent_covered": 0.0,
                        "percent_covered_display": "0",
                        "missing_lines": 10,
                        "excluded_lines": 0,
                        "percent_statements_covered": 0.0,
                        "percent_statements_covered_display": "0",
                        "num_branches": 8,
                        "num_partial_branches": 0,
                        "covered_branches": 0,
                        "missing_branches": 8,
                        "percent_branches_covered": 0.0,
                        "percent_branches_covered_display": "0"
                    },
                    "missing_lines": [
                        119, 120, 123, 124, 126, 127, 129, 130, 133, 136
                    ],
                    "excluded_lines": [],
                    "executed_branches": [],
                    "missing_branches": [
                        [119, 120],
                        [119, 123],
                        [124, 126],
                        [124, 127],
                        [127, 129],
                        [127, 133],
                        [129, 130],
                        [129, 136]
                    ]
                },
                "UnitTestScanner._is_unittest_testcase": {
                    "executed_lines": [],
                    "summary": {
                        "covered_lines": 0,
                        "num_statements": 13,
                        "percent_covered": 0.0,
                        "percent_covered_display": "0",
                        "missing_lines": 13,
                        "excluded_lines": 0,
                        "percent_statements_covered": 0.0,
                        "percent_statements_covered_display": "0",
                        "num_branches": 12,
                        "num_partial_branches": 0,
                        "covered_branches": 0,
                        "missing_branches": 12,
                        "percent_branches_covered": 0.0,
                        "percent_branches_covered_display": "0"
                    },
                    "missing_lines": [
                        147, 148, 149, 150, 151, 152, 153, 154, 156, 157, 158,
                        159, 160
                    ],
                    "excluded_lines": [],
                    "executed_branches": [],
                    "missing_branches": [
                        [147, 148],
                        [147, 160],
                        [149, 147],
                        [149, 150],
                        [150, 149],
                        [150, 151],
                        [152, 149],
                        [152, 153],
                        [156, 157],
                        [156, 158],
                        [158, 147],
                        [158, 159]
                    ]
                },
                "UnitTestScanner._parse_test_function": {
                    "executed_lines": [],
                    "summary": {
                        "covered_lines": 0,
                        "num_statements": 7,
                        "percent_covered": 0.0,
                        "percent_covered_display": "0",
                        "missing_lines": 7,
                        "excluded_lines": 0,
                        "percent_statements_covered": 0.0,
                        "percent_statements_covered_display": "0",
                        "num_branches": 0,
                        "num_partial_branches": 0,
                        "covered_branches": 0,
                        "missing_branches": 0,
                        "percent_branches_covered": 100.0,
                        "percent_branches_covered_display": "100"
                    },
                    "missing_lines": [178, 179, 180, 183, 186, 189, 191],
                    "excluded_lines": [],
                    "executed_branches": [],
                    "missing_branches": []
                },
                "UnitTestScanner._calculate_body_md5": {
                    "executed_lines": [],
                    "summary": {
                        "covered_lines": 0,
                        "num_statements": 10,
                        "percent_covered": 0.0,
                        "percent_covered_display": "0",
                        "missing_lines": 10,
                        "excluded_lines": 0,
                        "percent_statements_covered": 0.0,
                        "percent_statements_covered_display": "0",
                        "num_branches": 6,
                        "num_partial_branches": 0,
                        "covered_branches": 0,
                        "missing_branches": 6,
                        "percent_branches_covered": 0.0,
                        "percent_branches_covered_display": "0"
                    },
                    "missing_lines": [
                        210, 213, 214, 216, 217, 218, 219, 220, 222, 223
                    ],
                    "excluded_lines": [],
                    "executed_branches": [],
                    "missing_branches": [
                        [214, 216],
                        [214, 222],
                        [216, 217],
                        [216, 218],
                        [219, 214],
                        [219, 220]
                    ]
                },
                "UnitTestScanner._count_assertions": {
                    "executed_lines": [],
                    "summary": {
                        "covered_lines": 0,
                        "num_statements": 11,
                        "percent_covered": 0.0,
                        "percent_covered_display": "0",
                        "missing_lines": 11,
                        "excluded_lines": 0,
                        "percent_statements_covered": 0.0,
                        "percent_statements_covered_display": "0",
                        "num_branches": 12,
                        "num_partial_branches": 0,
                        "covered_branches": 0,
                        "missing_branches": 12,
                        "percent_branches_covered": 0.0,
                        "percent_branches_covered_display": "0"
                    },
                    "missing_lines": [
                        236, 239, 240, 243, 244, 250, 253, 254, 255, 260, 262
                    ],
                    "excluded_lines": [],
                    "executed_branches": [],
                    "missing_branches": [
                        [239, 240],
                        [239, 243],
                        [243, 244],
                        [243, 253],
                        [244, 243],
                        [244, 250],
                        [253, 254],
                        [253, 262],
                        [254, 253],
                        [254, 255],
                        [255, 254],
                        [255, 260]
                    ]
                },
                "UnitTestScanner._extract_imports": {
                    "executed_lines": [],
                    "summary": {
                        "covered_lines": 0,
                        "num_statements": 14,
                        "percent_covered": 0.0,
                        "percent_covered_display": "0",
                        "missing_lines": 14,
                        "excluded_lines": 0,
                        "percent_statements_covered": 0.0,
                        "percent_statements_covered_display": "0",
                        "num_branches": 10,
                        "num_partial_branches": 0,
                        "covered_branches": 0,
                        "missing_branches": 10,
                        "percent_branches_covered": 0.0,
                        "percent_branches_covered_display": "0"
                    },
                    "missing_lines": [
                        273, 276, 277, 278, 279, 282, 283, 284, 285, 286, 288,
                        291, 292, 294
                    ],
                    "excluded_lines": [],
                    "executed_branches": [],
                    "missing_branches": [
                        [276, 277],
                        [276, 282],
                        [277, 276],
                        [277, 278],
                        [282, 283],
                        [282, 294],
                        [284, 282],
                        [284, 285],
                        [286, 288],
                        [286, 291]
                    ]
                },
                "UnitTestScanner._resolve_targets": {
                    "executed_lines": [],
                    "summary": {
                        "covered_lines": 0,
                        "num_statements": 18,
                        "percent_covered": 0.0,
                        "percent_covered_display": "0",
                        "missing_lines": 18,
                        "excluded_lines": 0,
                        "percent_statements_covered": 0.0,
                        "percent_statements_covered_display": "0",
                        "num_branches": 12,
                        "num_partial_branches": 0,
                        "covered_branches": 0,
                        "missing_branches": 12,
                        "percent_branches_covered": 0.0,
                        "percent_branches_covered_display": "0"
                    },
                    "missing_lines": [
                        311, 312, 313, 316, 317, 318, 319, 321, 323, 324, 325,
                        327, 330, 331, 334, 335, 336, 339
                    ],
                    "excluded_lines": [],
                    "executed_branches": [],
                    "missing_branches": [
                        [312, 313],
                        [312, 316],
                        [317, 318],
                        [317, 339],
                        [318, 319],
                        [318, 321],
                        [324, 325],
                        [324, 327],
                        [330, 331],
                        [330, 334],
                        [334, 335],
                        [334, 336]
                    ]
                },
                "UnitTestScanner._calculate_summary": {
                    "executed_lines": [],
                    "summary": {
                        "covered_lines": 0,
                        "num_statements": 4,
                        "percent_covered": 0.0,
                        "percent_covered_display": "0",
                        "missing_lines": 4,
                        "excluded_lines": 0,
                        "percent_statements_covered": 0.0,
                        "percent_statements_covered_display": "0",
                        "num_branches": 0,
                        "num_partial_branches": 0,
                        "covered_branches": 0,
                        "missing_branches": 0,
                        "percent_branches_covered": 100.0,
                        "percent_branches_covered_display": "100"
                    },
                    "missing_lines": [355, 356, 357, 359],
                    "excluded_lines": [],
                    "executed_branches": [],
                    "missing_branches": []
                },
                "": {
                    "executed_lines": [
                        1, 8, 9, 10, 11, 13, 15, 16, 18, 21, 22, 24, 50, 75,
                        102, 138, 162, 200, 225, 264, 296, 341
                    ],
                    "summary": {
                        "covered_lines": 20,
                        "num_statements": 20,
                        "percent_covered": 100.0,
                        "percent_covered_display": "100",
                        "missing_lines": 0,
                        "excluded_lines": 0,
                        "percent_statements_covered": 100.0,
                        "percent_statements_covered_display": "100",
                        "num_branches": 0,
                        "num_partial_branches": 0,
                        "covered_branches": 0,
                        "missing_branches": 0,
                        "percent_branches_covered": 100.0,
                        "percent_branches_covered_display": "100"
                    },
                    "missing_lines": [],
                    "excluded_lines": [],
                    "executed_branches": [],
                    "missing_branches": []
                }
            },
            "classes": {
                "UnitTestScanner": {
                    "executed_lines": [],
                    "summary": {
                        "covered_lines": 0,
                        "num_statements": 113,
                        "percent_covered": 0.0,
                        "percent_covered_display": "0",
                        "missing_lines": 113,
                        "excluded_lines": 0,
                        "percent_statements_covered": 0.0,
                        "percent_statements_covered_display": "0",
                        "num_branches": 72,
                        "num_partial_branches": 0,
                        "covered_branches": 0,
                        "missing_branches": 72,
                        "percent_branches_covered": 0.0,
                        "percent_branches_covered_display": "0"
                    },
                    "missing_lines": [
                        40, 41, 43, 48, 59, 60, 63, 65, 66, 67, 68, 70, 71, 73,
                        84, 85, 86, 88, 89, 92, 93, 94, 95, 97, 98, 100, 119,
                        120, 123, 124, 126, 127, 129, 130, 133, 136, 147, 148,
                        149, 150, 151, 152, 153, 154, 156, 157, 158, 159, 160,
                        178, 179, 180, 183, 186, 189, 191, 210, 213, 214, 216,
                        217, 218, 219, 220, 222, 223, 236, 239, 240, 243, 244,
                        250, 253, 254, 255, 260, 262, 273, 276, 277, 278, 279,
                        282, 283, 284, 285, 286, 288, 291, 292, 294, 311, 312,
                        313, 316, 317, 318, 319, 321, 323, 324, 325, 327, 330,
                        331, 334, 335, 336, 339, 355, 356, 357, 359
                    ],
                    "excluded_lines": [],
                    "executed_branches": [],
                    "missing_branches": [
                        [65, 66],
                        [65, 70],
                        [67, 65],
                        [67, 68],
                        [85, 86],
                        [85, 88],
                        [92, 93],
                        [92, 97],
                        [94, 92],
                        [94, 95],
                        [97, 98],
                        [97, 100],
                        [119, 120],
                        [119, 123],
                        [124, 126],
                        [124, 127],
                        [127, 129],
                        [127, 133],
                        [129, 130],
                        [129, 136],
                        [147, 148],
                        [147, 160],
                        [149, 147],
                        [149, 150],
                        [150, 149],
                        [150, 151],
                        [152, 149],
                        [152, 153],
                        [156, 157],
                        [156, 158],
                        [158, 147],
                        [158, 159],
                        [214, 216],
                        [214, 222],
                        [216, 217],
                        [216, 218],
                        [219, 214],
                        [219, 220],
                        [239, 240],
                        [239, 243],
                        [243, 244],
                        [243, 253],
                        [244, 243],
                        [244, 250],
                        [253, 254],
                        [253, 262],
                        [254, 253],
                        [254, 255],
                        [255, 254],
                        [255, 260],
                        [276, 277],
                        [276, 282],
                        [277, 276],
                        [277, 278],
                        [282, 283],
                        [282, 294],
                        [284, 282],
                        [284, 285],
                        [286, 288],
                        [286, 291],
                        [312, 313],
                        [312, 316],
                        [317, 318],
                        [317, 339],
                        [318, 319],
                        [318, 321],
                        [324, 325],
                        [324, 327],
                        [330, 331],
                        [330, 334],
                        [334, 335],
                        [334, 336]
                    ]
                },
                "": {
                    "executed_lines": [
                        1, 8, 9, 10, 11, 13, 15, 16, 18, 21, 22, 24, 50, 75,
                        102, 138, 162, 200, 225, 264, 296, 341
                    ],
                    "summary": {
                        "covered_lines": 20,
                        "num_statements": 20,
                        "percent_covered": 100.0,
                        "percent_covered_display": "100",
                        "missing_lines": 0,
                        "excluded_lines": 0,
                        "percent_statements_covered": 100.0,
                        "percent_statements_covered_display": "100",
                        "num_branches": 0,
                        "num_partial_branches": 0,
                        "covered_branches": 0,
                        "missing_branches": 0,
                        "percent_branches_covered": 100.0,
                        "percent_branches_covered_display": "100"
                    },
                    "missing_lines": [],
                    "excluded_lines": [],
                    "executed_branches": [],
                    "missing_branches": []
                }
            }
        }
    },
    "totals": {
        "covered_lines": 264,
        "num_statements": 1185,
        "percent_covered": 16.105082809822957,
        "percent_covered_display": "16",
        "missing_lines": 921,
        "excluded_lines": 0,
        "percent_statements_covered": 22.27848101265823,
        "percent_statements_covered_display": "22",
        "num_branches": 566,
        "num_partial_branches": 8,
        "covered_branches": 18,
        "missing_branches": 548,
        "percent_branches_covered": 3.1802120141342756,
        "percent_branches_covered_display": "3"
    }
}
