{
    "meta": {
        "format": 3,
        "version": "7.13.0",
        "timestamp": "2025-12-22T11:27:33.731327",
        "branch_coverage": true,
        "show_contexts": false
    },
    "files": {
        "upcast/scanners/__init__.py": {
            "executed_lines": [1, 3, 4, 5, 6, 7, 8, 9, 10, 11, 12, 13, 14, 16],
            "summary": {
                "covered_lines": 13,
                "num_statements": 13,
                "percent_covered": 100.0,
                "percent_covered_display": "100",
                "missing_lines": 0,
                "excluded_lines": 0,
                "percent_statements_covered": 100.0,
                "percent_statements_covered_display": "100",
                "num_branches": 0,
                "num_partial_branches": 0,
                "covered_branches": 0,
                "missing_branches": 0,
                "percent_branches_covered": 100.0,
                "percent_branches_covered_display": "100"
            },
            "missing_lines": [],
            "excluded_lines": [],
            "executed_branches": [],
            "missing_branches": [],
            "functions": {
                "": {
                    "executed_lines": [
                        1, 3, 4, 5, 6, 7, 8, 9, 10, 11, 12, 13, 14, 16
                    ],
                    "summary": {
                        "covered_lines": 13,
                        "num_statements": 13,
                        "percent_covered": 100.0,
                        "percent_covered_display": "100",
                        "missing_lines": 0,
                        "excluded_lines": 0,
                        "percent_statements_covered": 100.0,
                        "percent_statements_covered_display": "100",
                        "num_branches": 0,
                        "num_partial_branches": 0,
                        "covered_branches": 0,
                        "missing_branches": 0,
                        "percent_branches_covered": 100.0,
                        "percent_branches_covered_display": "100"
                    },
                    "missing_lines": [],
                    "excluded_lines": [],
                    "executed_branches": [],
                    "missing_branches": []
                }
            },
            "classes": {
                "": {
                    "executed_lines": [
                        1, 3, 4, 5, 6, 7, 8, 9, 10, 11, 12, 13, 14, 16
                    ],
                    "summary": {
                        "covered_lines": 13,
                        "num_statements": 13,
                        "percent_covered": 100.0,
                        "percent_covered_display": "100",
                        "missing_lines": 0,
                        "excluded_lines": 0,
                        "percent_statements_covered": 100.0,
                        "percent_statements_covered_display": "100",
                        "num_branches": 0,
                        "num_partial_branches": 0,
                        "covered_branches": 0,
                        "missing_branches": 0,
                        "percent_branches_covered": 100.0,
                        "percent_branches_covered_display": "100"
                    },
                    "missing_lines": [],
                    "excluded_lines": [],
                    "executed_branches": [],
                    "missing_branches": []
                }
            }
        },
        "upcast/scanners/blocking_operations.py": {
            "executed_lines": [
                1, 3, 4, 6, 8, 9, 10, 11, 18, 19, 22, 40, 42, 43, 45, 52, 53,
                54, 57, 58, 60, 61, 62, 63, 65, 66, 68, 70, 71, 76, 78, 79, 81,
                85, 86, 87, 88, 101, 122, 124, 127, 128, 129, 130, 134, 136,
                137, 139, 140, 143, 145, 146, 147, 149, 150, 152, 154, 155, 156,
                158, 159, 161, 163, 164, 165, 167
            ],
            "summary": {
                "covered_lines": 64,
                "num_statements": 85,
                "percent_covered": 66.66666666666667,
                "percent_covered_display": "67",
                "missing_lines": 21,
                "excluded_lines": 0,
                "percent_statements_covered": 75.29411764705883,
                "percent_statements_covered_display": "75",
                "num_branches": 44,
                "num_partial_branches": 14,
                "covered_branches": 22,
                "missing_branches": 22,
                "percent_branches_covered": 50.0,
                "percent_branches_covered_display": "50"
            },
            "missing_lines": [
                55, 72, 73, 74, 82, 99, 103, 104, 105, 106, 107, 110, 120, 125,
                126, 131, 132, 138, 141, 148, 157
            ],
            "excluded_lines": [],
            "executed_branches": [
                [52, 53],
                [52, 65],
                [54, 57],
                [60, 52],
                [60, 61],
                [62, 63],
                [70, 71],
                [81, 85],
                [85, 86],
                [86, 87],
                [87, 88],
                [124, 127],
                [127, 128],
                [128, 129],
                [137, 139],
                [139, 140],
                [146, 147],
                [146, 150],
                [147, 149],
                [155, 156],
                [155, 159],
                [156, 158]
            ],
            "missing_branches": [
                [54, 55],
                [62, 60],
                [70, 72],
                [72, 73],
                [72, 74],
                [81, 82],
                [85, 99],
                [86, 85],
                [87, 86],
                [103, 104],
                [103, 120],
                [105, 103],
                [105, 106],
                [107, 103],
                [107, 110],
                [124, 125],
                [127, 132],
                [128, 131],
                [137, 138],
                [139, 141],
                [147, 148],
                [156, 157]
            ],
            "functions": {
                "BlockingOperationsScanner.scan": {
                    "executed_lines": [
                        42, 43, 45, 52, 53, 54, 57, 58, 60, 61, 62, 63, 65, 66
                    ],
                    "summary": {
                        "covered_lines": 14,
                        "num_statements": 15,
                        "percent_covered": 86.95652173913044,
                        "percent_covered_display": "87",
                        "missing_lines": 1,
                        "excluded_lines": 0,
                        "percent_statements_covered": 93.33333333333333,
                        "percent_statements_covered_display": "93",
                        "num_branches": 8,
                        "num_partial_branches": 2,
                        "covered_branches": 6,
                        "missing_branches": 2,
                        "percent_branches_covered": 75.0,
                        "percent_branches_covered_display": "75"
                    },
                    "missing_lines": [55],
                    "excluded_lines": [],
                    "executed_branches": [
                        [52, 53],
                        [52, 65],
                        [54, 57],
                        [60, 52],
                        [60, 61],
                        [62, 63]
                    ],
                    "missing_branches": [
                        [54, 55],
                        [62, 60]
                    ]
                },
                "BlockingOperationsScanner._check_node": {
                    "executed_lines": [70, 71],
                    "summary": {
                        "covered_lines": 2,
                        "num_statements": 5,
                        "percent_covered": 33.333333333333336,
                        "percent_covered_display": "33",
                        "missing_lines": 3,
                        "excluded_lines": 0,
                        "percent_statements_covered": 40.0,
                        "percent_statements_covered_display": "40",
                        "num_branches": 4,
                        "num_partial_branches": 1,
                        "covered_branches": 1,
                        "missing_branches": 3,
                        "percent_branches_covered": 25.0,
                        "percent_branches_covered_display": "25"
                    },
                    "missing_lines": [72, 73, 74],
                    "excluded_lines": [],
                    "executed_branches": [[70, 71]],
                    "missing_branches": [
                        [70, 72],
                        [72, 73],
                        [72, 74]
                    ]
                },
                "BlockingOperationsScanner._check_call": {
                    "executed_lines": [78, 79, 81, 85, 86, 87, 88],
                    "summary": {
                        "covered_lines": 7,
                        "num_statements": 9,
                        "percent_covered": 64.70588235294117,
                        "percent_covered_display": "65",
                        "missing_lines": 2,
                        "excluded_lines": 0,
                        "percent_statements_covered": 77.77777777777777,
                        "percent_statements_covered_display": "78",
                        "num_branches": 8,
                        "num_partial_branches": 4,
                        "covered_branches": 4,
                        "missing_branches": 4,
                        "percent_branches_covered": 50.0,
                        "percent_branches_covered_display": "50"
                    },
                    "missing_lines": [82, 99],
                    "excluded_lines": [],
                    "executed_branches": [
                        [81, 85],
                        [85, 86],
                        [86, 87],
                        [87, 88]
                    ],
                    "missing_branches": [
                        [81, 82],
                        [85, 99],
                        [86, 85],
                        [87, 86]
                    ]
                },
                "BlockingOperationsScanner._check_with": {
                    "executed_lines": [],
                    "summary": {
                        "covered_lines": 0,
                        "num_statements": 7,
                        "percent_covered": 0.0,
                        "percent_covered_display": "0",
                        "missing_lines": 7,
                        "excluded_lines": 0,
                        "percent_statements_covered": 0.0,
                        "percent_statements_covered_display": "0",
                        "num_branches": 6,
                        "num_partial_branches": 0,
                        "covered_branches": 0,
                        "missing_branches": 6,
                        "percent_branches_covered": 0.0,
                        "percent_branches_covered_display": "0"
                    },
                    "missing_lines": [103, 104, 105, 106, 107, 110, 120],
                    "excluded_lines": [],
                    "executed_branches": [],
                    "missing_branches": [
                        [103, 104],
                        [103, 120],
                        [105, 103],
                        [105, 106],
                        [107, 103],
                        [107, 110]
                    ]
                },
                "BlockingOperationsScanner._get_qualified_name": {
                    "executed_lines": [124, 127, 128, 129, 130],
                    "summary": {
                        "covered_lines": 5,
                        "num_statements": 9,
                        "percent_covered": 53.333333333333336,
                        "percent_covered_display": "53",
                        "missing_lines": 4,
                        "excluded_lines": 0,
                        "percent_statements_covered": 55.55555555555556,
                        "percent_statements_covered_display": "56",
                        "num_branches": 6,
                        "num_partial_branches": 3,
                        "covered_branches": 3,
                        "missing_branches": 3,
                        "percent_branches_covered": 50.0,
                        "percent_branches_covered_display": "50"
                    },
                    "missing_lines": [125, 126, 131, 132],
                    "excluded_lines": [],
                    "executed_branches": [
                        [124, 127],
                        [127, 128],
                        [128, 129]
                    ],
                    "missing_branches": [
                        [124, 125],
                        [127, 132],
                        [128, 131]
                    ]
                },
                "BlockingOperationsScanner._matches_pattern": {
                    "executed_lines": [136, 137, 139, 140],
                    "summary": {
                        "covered_lines": 4,
                        "num_statements": 6,
                        "percent_covered": 60.0,
                        "percent_covered_display": "60",
                        "missing_lines": 2,
                        "excluded_lines": 0,
                        "percent_statements_covered": 66.66666666666667,
                        "percent_statements_covered_display": "67",
                        "num_branches": 4,
                        "num_partial_branches": 2,
                        "covered_branches": 2,
                        "missing_branches": 2,
                        "percent_branches_covered": 50.0,
                        "percent_branches_covered_display": "50"
                    },
                    "missing_lines": [138, 141],
                    "excluded_lines": [],
                    "executed_branches": [
                        [137, 139],
                        [139, 140]
                    ],
                    "missing_branches": [
                        [137, 138],
                        [139, 141]
                    ]
                },
                "BlockingOperationsScanner._get_function_name": {
                    "executed_lines": [145, 146, 147, 149, 150],
                    "summary": {
                        "covered_lines": 5,
                        "num_statements": 6,
                        "percent_covered": 80.0,
                        "percent_covered_display": "80",
                        "missing_lines": 1,
                        "excluded_lines": 0,
                        "percent_statements_covered": 83.33333333333333,
                        "percent_statements_covered_display": "83",
                        "num_branches": 4,
                        "num_partial_branches": 1,
                        "covered_branches": 3,
                        "missing_branches": 1,
                        "percent_branches_covered": 75.0,
                        "percent_branches_covered_display": "75"
                    },
                    "missing_lines": [148],
                    "excluded_lines": [],
                    "executed_branches": [
                        [146, 147],
                        [146, 150],
                        [147, 149]
                    ],
                    "missing_branches": [[147, 148]]
                },
                "BlockingOperationsScanner._get_class_name": {
                    "executed_lines": [154, 155, 156, 158, 159],
                    "summary": {
                        "covered_lines": 5,
                        "num_statements": 6,
                        "percent_covered": 80.0,
                        "percent_covered_display": "80",
                        "missing_lines": 1,
                        "excluded_lines": 0,
                        "percent_statements_covered": 83.33333333333333,
                        "percent_statements_covered_display": "83",
                        "num_branches": 4,
                        "num_partial_branches": 1,
                        "covered_branches": 3,
                        "missing_branches": 1,
                        "percent_branches_covered": 75.0,
                        "percent_branches_covered_display": "75"
                    },
                    "missing_lines": [157],
                    "excluded_lines": [],
                    "executed_branches": [
                        [155, 156],
                        [155, 159],
                        [156, 158]
                    ],
                    "missing_branches": [[156, 157]]
                },
                "BlockingOperationsScanner._calculate_summary": {
                    "executed_lines": [163, 164, 165, 167],
                    "summary": {
                        "covered_lines": 4,
                        "num_statements": 4,
                        "percent_covered": 100.0,
                        "percent_covered_display": "100",
                        "missing_lines": 0,
                        "excluded_lines": 0,
                        "percent_statements_covered": 100.0,
                        "percent_statements_covered_display": "100",
                        "num_branches": 0,
                        "num_partial_branches": 0,
                        "covered_branches": 0,
                        "missing_branches": 0,
                        "percent_branches_covered": 100.0,
                        "percent_branches_covered_display": "100"
                    },
                    "missing_lines": [],
                    "excluded_lines": [],
                    "executed_branches": [],
                    "missing_branches": []
                },
                "": {
                    "executed_lines": [
                        1, 3, 4, 6, 8, 9, 10, 11, 18, 19, 22, 40, 68, 76, 101,
                        122, 134, 143, 152, 161
                    ],
                    "summary": {
                        "covered_lines": 18,
                        "num_statements": 18,
                        "percent_covered": 100.0,
                        "percent_covered_display": "100",
                        "missing_lines": 0,
                        "excluded_lines": 0,
                        "percent_statements_covered": 100.0,
                        "percent_statements_covered_display": "100",
                        "num_branches": 0,
                        "num_partial_branches": 0,
                        "covered_branches": 0,
                        "missing_branches": 0,
                        "percent_branches_covered": 100.0,
                        "percent_branches_covered_display": "100"
                    },
                    "missing_lines": [],
                    "excluded_lines": [],
                    "executed_branches": [],
                    "missing_branches": []
                }
            },
            "classes": {
                "BlockingOperationsScanner": {
                    "executed_lines": [
                        42, 43, 45, 52, 53, 54, 57, 58, 60, 61, 62, 63, 65, 66,
                        70, 71, 78, 79, 81, 85, 86, 87, 88, 124, 127, 128, 129,
                        130, 136, 137, 139, 140, 145, 146, 147, 149, 150, 154,
                        155, 156, 158, 159, 163, 164, 165, 167
                    ],
                    "summary": {
                        "covered_lines": 46,
                        "num_statements": 67,
                        "percent_covered": 61.26126126126126,
                        "percent_covered_display": "61",
                        "missing_lines": 21,
                        "excluded_lines": 0,
                        "percent_statements_covered": 68.65671641791045,
                        "percent_statements_covered_display": "69",
                        "num_branches": 44,
                        "num_partial_branches": 14,
                        "covered_branches": 22,
                        "missing_branches": 22,
                        "percent_branches_covered": 50.0,
                        "percent_branches_covered_display": "50"
                    },
                    "missing_lines": [
                        55, 72, 73, 74, 82, 99, 103, 104, 105, 106, 107, 110,
                        120, 125, 126, 131, 132, 138, 141, 148, 157
                    ],
                    "excluded_lines": [],
                    "executed_branches": [
                        [52, 53],
                        [52, 65],
                        [54, 57],
                        [60, 52],
                        [60, 61],
                        [62, 63],
                        [70, 71],
                        [81, 85],
                        [85, 86],
                        [86, 87],
                        [87, 88],
                        [124, 127],
                        [127, 128],
                        [128, 129],
                        [137, 139],
                        [139, 140],
                        [146, 147],
                        [146, 150],
                        [147, 149],
                        [155, 156],
                        [155, 159],
                        [156, 158]
                    ],
                    "missing_branches": [
                        [54, 55],
                        [62, 60],
                        [70, 72],
                        [72, 73],
                        [72, 74],
                        [81, 82],
                        [85, 99],
                        [86, 85],
                        [87, 86],
                        [103, 104],
                        [103, 120],
                        [105, 103],
                        [105, 106],
                        [107, 103],
                        [107, 110],
                        [124, 125],
                        [127, 132],
                        [128, 131],
                        [137, 138],
                        [139, 141],
                        [147, 148],
                        [156, 157]
                    ]
                },
                "": {
                    "executed_lines": [
                        1, 3, 4, 6, 8, 9, 10, 11, 18, 19, 22, 40, 68, 76, 101,
                        122, 134, 143, 152, 161
                    ],
                    "summary": {
                        "covered_lines": 18,
                        "num_statements": 18,
                        "percent_covered": 100.0,
                        "percent_covered_display": "100",
                        "missing_lines": 0,
                        "excluded_lines": 0,
                        "percent_statements_covered": 100.0,
                        "percent_statements_covered_display": "100",
                        "num_branches": 0,
                        "num_partial_branches": 0,
                        "covered_branches": 0,
                        "missing_branches": 0,
                        "percent_branches_covered": 100.0,
                        "percent_branches_covered_display": "100"
                    },
                    "missing_lines": [],
                    "excluded_lines": [],
                    "executed_branches": [],
                    "missing_branches": []
                }
            }
        },
        "upcast/scanners/complexity.py": {
            "executed_lines": [
                1, 3, 5, 7, 8, 9, 12, 13, 18, 33, 34, 36, 38, 39, 41, 43, 44,
                45, 48, 49, 50, 52, 53, 54, 56, 57, 59, 61, 63, 64, 65, 68, 69,
                70, 72, 74, 76, 77, 78, 79, 82, 83, 85, 96, 98, 100, 108, 111,
                112, 113, 116, 121, 123, 125, 126, 128, 130, 132, 133, 134, 136,
                137, 143, 145, 146, 147, 148, 150
            ],
            "summary": {
                "covered_lines": 66,
                "num_statements": 79,
                "percent_covered": 78.76106194690266,
                "percent_covered_display": "79",
                "missing_lines": 13,
                "excluded_lines": 0,
                "percent_statements_covered": 83.54430379746836,
                "percent_statements_covered_display": "84",
                "num_branches": 34,
                "num_partial_branches": 7,
                "covered_branches": 23,
                "missing_branches": 11,
                "percent_branches_covered": 67.6470588235294,
                "percent_branches_covered_display": "68"
            },
            "missing_lines": [
                46, 66, 80, 93, 94, 117, 118, 119, 127, 135, 138, 139, 141
            ],
            "excluded_lines": [],
            "executed_branches": [
                [43, 44],
                [43, 56],
                [45, 48],
                [49, 43],
                [49, 50],
                [63, 64],
                [63, 72],
                [65, 68],
                [69, 63],
                [69, 70],
                [79, 82],
                [100, 108],
                [100, 116],
                [112, 100],
                [112, 113],
                [116, 121],
                [126, 128],
                [132, 133],
                [132, 134],
                [134, 136],
                [136, 137],
                [147, 148],
                [147, 150]
            ],
            "missing_branches": [
                [45, 46],
                [65, 66],
                [79, 80],
                [116, 117],
                [118, 116],
                [118, 119],
                [126, 127],
                [134, 135],
                [136, 138],
                [138, 139],
                [138, 141]
            ],
            "functions": {
                "ComplexityScanner.__init__": {
                    "executed_lines": [33, 34],
                    "summary": {
                        "covered_lines": 2,
                        "num_statements": 2,
                        "percent_covered": 100.0,
                        "percent_covered_display": "100",
                        "missing_lines": 0,
                        "excluded_lines": 0,
                        "percent_statements_covered": 100.0,
                        "percent_statements_covered_display": "100",
                        "num_branches": 0,
                        "num_partial_branches": 0,
                        "covered_branches": 0,
                        "missing_branches": 0,
                        "percent_branches_covered": 100.0,
                        "percent_branches_covered_display": "100"
                    },
                    "missing_lines": [],
                    "excluded_lines": [],
                    "executed_branches": [],
                    "missing_branches": []
                },
                "ComplexityScanner.scan": {
                    "executed_lines": [
                        38, 39, 41, 43, 44, 45, 48, 49, 50, 52, 53, 54, 56, 57
                    ],
                    "summary": {
                        "covered_lines": 14,
                        "num_statements": 15,
                        "percent_covered": 90.47619047619048,
                        "percent_covered_display": "90",
                        "missing_lines": 1,
                        "excluded_lines": 0,
                        "percent_statements_covered": 93.33333333333333,
                        "percent_statements_covered_display": "93",
                        "num_branches": 6,
                        "num_partial_branches": 1,
                        "covered_branches": 5,
                        "missing_branches": 1,
                        "percent_branches_covered": 83.33333333333333,
                        "percent_branches_covered_display": "83"
                    },
                    "missing_lines": [46],
                    "excluded_lines": [],
                    "executed_branches": [
                        [43, 44],
                        [43, 56],
                        [45, 48],
                        [49, 43],
                        [49, 50]
                    ],
                    "missing_branches": [[45, 46]]
                },
                "ComplexityScanner._scan_module": {
                    "executed_lines": [61, 63, 64, 65, 68, 69, 70, 72],
                    "summary": {
                        "covered_lines": 8,
                        "num_statements": 9,
                        "percent_covered": 86.66666666666667,
                        "percent_covered_display": "87",
                        "missing_lines": 1,
                        "excluded_lines": 0,
                        "percent_statements_covered": 88.88888888888889,
                        "percent_statements_covered_display": "89",
                        "num_branches": 6,
                        "num_partial_branches": 1,
                        "covered_branches": 5,
                        "missing_branches": 1,
                        "percent_branches_covered": 83.33333333333333,
                        "percent_branches_covered_display": "83"
                    },
                    "missing_lines": [66],
                    "excluded_lines": [],
                    "executed_branches": [
                        [63, 64],
                        [63, 72],
                        [65, 68],
                        [69, 63],
                        [69, 70]
                    ],
                    "missing_branches": [[65, 66]]
                },
                "ComplexityScanner._analyze_function": {
                    "executed_lines": [76, 77, 78, 79, 82, 83, 85],
                    "summary": {
                        "covered_lines": 7,
                        "num_statements": 10,
                        "percent_covered": 66.66666666666667,
                        "percent_covered_display": "67",
                        "missing_lines": 3,
                        "excluded_lines": 0,
                        "percent_statements_covered": 70.0,
                        "percent_statements_covered_display": "70",
                        "num_branches": 2,
                        "num_partial_branches": 1,
                        "covered_branches": 1,
                        "missing_branches": 1,
                        "percent_branches_covered": 50.0,
                        "percent_branches_covered_display": "50"
                    },
                    "missing_lines": [80, 93, 94],
                    "excluded_lines": [],
                    "executed_branches": [[79, 82]],
                    "missing_branches": [[79, 80]]
                },
                "ComplexityScanner._calculate_complexity": {
                    "executed_lines": [98, 100, 108, 111, 112, 113, 116, 121],
                    "summary": {
                        "covered_lines": 8,
                        "num_statements": 11,
                        "percent_covered": 68.42105263157895,
                        "percent_covered_display": "68",
                        "missing_lines": 3,
                        "excluded_lines": 0,
                        "percent_statements_covered": 72.72727272727273,
                        "percent_statements_covered_display": "73",
                        "num_branches": 8,
                        "num_partial_branches": 1,
                        "covered_branches": 5,
                        "missing_branches": 3,
                        "percent_branches_covered": 62.5,
                        "percent_branches_covered_display": "62"
                    },
                    "missing_lines": [117, 118, 119],
                    "excluded_lines": [],
                    "executed_branches": [
                        [100, 108],
                        [100, 116],
                        [112, 100],
                        [112, 113],
                        [116, 121]
                    ],
                    "missing_branches": [
                        [116, 117],
                        [118, 116],
                        [118, 119]
                    ]
                },
                "ComplexityScanner._count_bool_ops": {
                    "executed_lines": [125, 126, 128],
                    "summary": {
                        "covered_lines": 3,
                        "num_statements": 4,
                        "percent_covered": 66.66666666666667,
                        "percent_covered_display": "67",
                        "missing_lines": 1,
                        "excluded_lines": 0,
                        "percent_statements_covered": 75.0,
                        "percent_statements_covered_display": "75",
                        "num_branches": 2,
                        "num_partial_branches": 1,
                        "covered_branches": 1,
                        "missing_branches": 1,
                        "percent_branches_covered": 50.0,
                        "percent_branches_covered_display": "50"
                    },
                    "missing_lines": [127],
                    "excluded_lines": [],
                    "executed_branches": [[126, 128]],
                    "missing_branches": [[126, 127]]
                },
                "ComplexityScanner._assign_severity": {
                    "executed_lines": [132, 133, 134, 136, 137],
                    "summary": {
                        "covered_lines": 5,
                        "num_statements": 9,
                        "percent_covered": 52.94117647058823,
                        "percent_covered_display": "53",
                        "missing_lines": 4,
                        "excluded_lines": 0,
                        "percent_statements_covered": 55.55555555555556,
                        "percent_statements_covered_display": "56",
                        "num_branches": 8,
                        "num_partial_branches": 2,
                        "covered_branches": 4,
                        "missing_branches": 4,
                        "percent_branches_covered": 50.0,
                        "percent_branches_covered_display": "50"
                    },
                    "missing_lines": [135, 138, 139, 141],
                    "excluded_lines": [],
                    "executed_branches": [
                        [132, 133],
                        [132, 134],
                        [134, 136],
                        [136, 137]
                    ],
                    "missing_branches": [
                        [134, 135],
                        [136, 138],
                        [138, 139],
                        [138, 141]
                    ]
                },
                "ComplexityScanner._calculate_summary": {
                    "executed_lines": [145, 146, 147, 148, 150],
                    "summary": {
                        "covered_lines": 5,
                        "num_statements": 5,
                        "percent_covered": 100.0,
                        "percent_covered_display": "100",
                        "missing_lines": 0,
                        "excluded_lines": 0,
                        "percent_statements_covered": 100.0,
                        "percent_statements_covered_display": "100",
                        "num_branches": 2,
                        "num_partial_branches": 0,
                        "covered_branches": 2,
                        "missing_branches": 0,
                        "percent_branches_covered": 100.0,
                        "percent_branches_covered_display": "100"
                    },
                    "missing_lines": [],
                    "excluded_lines": [],
                    "executed_branches": [
                        [147, 148],
                        [147, 150]
                    ],
                    "missing_branches": []
                },
                "": {
                    "executed_lines": [
                        1, 3, 5, 7, 8, 9, 12, 13, 18, 36, 59, 74, 96, 123, 130,
                        143
                    ],
                    "summary": {
                        "covered_lines": 14,
                        "num_statements": 14,
                        "percent_covered": 100.0,
                        "percent_covered_display": "100",
                        "missing_lines": 0,
                        "excluded_lines": 0,
                        "percent_statements_covered": 100.0,
                        "percent_statements_covered_display": "100",
                        "num_branches": 0,
                        "num_partial_branches": 0,
                        "covered_branches": 0,
                        "missing_branches": 0,
                        "percent_branches_covered": 100.0,
                        "percent_branches_covered_display": "100"
                    },
                    "missing_lines": [],
                    "excluded_lines": [],
                    "executed_branches": [],
                    "missing_branches": []
                }
            },
            "classes": {
                "ComplexityScanner": {
                    "executed_lines": [
                        33, 34, 38, 39, 41, 43, 44, 45, 48, 49, 50, 52, 53, 54,
                        56, 57, 61, 63, 64, 65, 68, 69, 70, 72, 76, 77, 78, 79,
                        82, 83, 85, 98, 100, 108, 111, 112, 113, 116, 121, 125,
                        126, 128, 132, 133, 134, 136, 137, 145, 146, 147, 148,
                        150
                    ],
                    "summary": {
                        "covered_lines": 52,
                        "num_statements": 65,
                        "percent_covered": 75.75757575757575,
                        "percent_covered_display": "76",
                        "missing_lines": 13,
                        "excluded_lines": 0,
                        "percent_statements_covered": 80.0,
                        "percent_statements_covered_display": "80",
                        "num_branches": 34,
                        "num_partial_branches": 7,
                        "covered_branches": 23,
                        "missing_branches": 11,
                        "percent_branches_covered": 67.6470588235294,
                        "percent_branches_covered_display": "68"
                    },
                    "missing_lines": [
                        46, 66, 80, 93, 94, 117, 118, 119, 127, 135, 138, 139,
                        141
                    ],
                    "excluded_lines": [],
                    "executed_branches": [
                        [43, 44],
                        [43, 56],
                        [45, 48],
                        [49, 43],
                        [49, 50],
                        [63, 64],
                        [63, 72],
                        [65, 68],
                        [69, 63],
                        [69, 70],
                        [79, 82],
                        [100, 108],
                        [100, 116],
                        [112, 100],
                        [112, 113],
                        [116, 121],
                        [126, 128],
                        [132, 133],
                        [132, 134],
                        [134, 136],
                        [136, 137],
                        [147, 148],
                        [147, 150]
                    ],
                    "missing_branches": [
                        [45, 46],
                        [65, 66],
                        [79, 80],
                        [116, 117],
                        [118, 116],
                        [118, 119],
                        [126, 127],
                        [134, 135],
                        [136, 138],
                        [138, 139],
                        [138, 141]
                    ]
                },
                "": {
                    "executed_lines": [
                        1, 3, 5, 7, 8, 9, 12, 13, 18, 36, 59, 74, 96, 123, 130,
                        143
                    ],
                    "summary": {
                        "covered_lines": 14,
                        "num_statements": 14,
                        "percent_covered": 100.0,
                        "percent_covered_display": "100",
                        "missing_lines": 0,
                        "excluded_lines": 0,
                        "percent_statements_covered": 100.0,
                        "percent_statements_covered_display": "100",
                        "num_branches": 0,
                        "num_partial_branches": 0,
                        "covered_branches": 0,
                        "missing_branches": 0,
                        "percent_branches_covered": 100.0,
                        "percent_branches_covered_display": "100"
                    },
                    "missing_lines": [],
                    "excluded_lines": [],
                    "executed_branches": [],
                    "missing_branches": []
                }
            }
        },
        "upcast/scanners/concurrency.py": {
            "executed_lines": [
                1, 3, 4, 6, 8, 9, 10, 11, 14, 15, 17, 48, 50, 51, 53, 60, 61,
                62, 65, 66, 69, 81, 82, 83, 84, 85, 87, 88, 90, 92, 100, 101,
                104, 106, 107, 111, 112, 113, 114, 124, 126, 128, 129, 130, 131,
                135, 137, 138, 139, 140, 143, 151, 152, 153, 155, 157, 158, 160,
                161, 162, 163, 164, 166, 173
            ],
            "summary": {
                "covered_lines": 62,
                "num_statements": 74,
                "percent_covered": 74.56140350877193,
                "percent_covered_display": "75",
                "missing_lines": 12,
                "excluded_lines": 0,
                "percent_statements_covered": 83.78378378378379,
                "percent_statements_covered_display": "84",
                "num_branches": 40,
                "num_partial_branches": 15,
                "covered_branches": 23,
                "missing_branches": 17,
                "percent_branches_covered": 57.5,
                "percent_branches_covered_display": "58"
            },
            "missing_lines": [
                63, 70, 71, 78, 93, 102, 108, 122, 127, 132, 133, 141
            ],
            "excluded_lines": [],
            "executed_branches": [
                [60, 61],
                [60, 87],
                [62, 65],
                [69, 81],
                [81, 60],
                [81, 82],
                [83, 84],
                [92, 100],
                [100, 101],
                [107, 111],
                [111, 112],
                [112, 113],
                [113, 114],
                [126, 128],
                [128, 129],
                [129, 130],
                [138, 139],
                [139, 140],
                [151, 152],
                [160, 161],
                [160, 166],
                [162, 160],
                [162, 163]
            ],
            "missing_branches": [
                [62, 63],
                [69, 70],
                [70, 69],
                [70, 71],
                [83, 81],
                [92, 93],
                [100, 102],
                [107, 108],
                [111, 122],
                [112, 111],
                [113, 112],
                [126, 127],
                [128, 133],
                [129, 132],
                [138, 141],
                [139, 138],
                [151, 153]
            ],
            "functions": {
                "ConcurrencyScanner.scan": {
                    "executed_lines": [
                        50, 51, 53, 60, 61, 62, 65, 66, 69, 81, 82, 83, 84, 85,
                        87, 88
                    ],
                    "summary": {
                        "covered_lines": 16,
                        "num_statements": 20,
                        "percent_covered": 71.875,
                        "percent_covered_display": "72",
                        "missing_lines": 4,
                        "excluded_lines": 0,
                        "percent_statements_covered": 80.0,
                        "percent_statements_covered_display": "80",
                        "num_branches": 12,
                        "num_partial_branches": 3,
                        "covered_branches": 7,
                        "missing_branches": 5,
                        "percent_branches_covered": 58.333333333333336,
                        "percent_branches_covered_display": "58"
                    },
                    "missing_lines": [63, 70, 71, 78],
                    "excluded_lines": [],
                    "executed_branches": [
                        [60, 61],
                        [60, 87],
                        [62, 65],
                        [69, 81],
                        [81, 60],
                        [81, 82],
                        [83, 84]
                    ],
                    "missing_branches": [
                        [62, 63],
                        [69, 70],
                        [70, 69],
                        [70, 71],
                        [83, 81]
                    ]
                },
                "ConcurrencyScanner._check_node": {
                    "executed_lines": [92, 100, 101],
                    "summary": {
                        "covered_lines": 3,
                        "num_statements": 5,
                        "percent_covered": 55.55555555555556,
                        "percent_covered_display": "56",
                        "missing_lines": 2,
                        "excluded_lines": 0,
                        "percent_statements_covered": 60.0,
                        "percent_statements_covered_display": "60",
                        "num_branches": 4,
                        "num_partial_branches": 2,
                        "covered_branches": 2,
                        "missing_branches": 2,
                        "percent_branches_covered": 50.0,
                        "percent_branches_covered_display": "50"
                    },
                    "missing_lines": [93, 102],
                    "excluded_lines": [],
                    "executed_branches": [
                        [92, 100],
                        [100, 101]
                    ],
                    "missing_branches": [
                        [92, 93],
                        [100, 102]
                    ]
                },
                "ConcurrencyScanner._check_call": {
                    "executed_lines": [106, 107, 111, 112, 113, 114],
                    "summary": {
                        "covered_lines": 6,
                        "num_statements": 8,
                        "percent_covered": 62.5,
                        "percent_covered_display": "62",
                        "missing_lines": 2,
                        "excluded_lines": 0,
                        "percent_statements_covered": 75.0,
                        "percent_statements_covered_display": "75",
                        "num_branches": 8,
                        "num_partial_branches": 4,
                        "covered_branches": 4,
                        "missing_branches": 4,
                        "percent_branches_covered": 50.0,
                        "percent_branches_covered_display": "50"
                    },
                    "missing_lines": [108, 122],
                    "excluded_lines": [],
                    "executed_branches": [
                        [107, 111],
                        [111, 112],
                        [112, 113],
                        [113, 114]
                    ],
                    "missing_branches": [
                        [107, 108],
                        [111, 122],
                        [112, 111],
                        [113, 112]
                    ]
                },
                "ConcurrencyScanner._get_qualified_name": {
                    "executed_lines": [126, 128, 129, 130, 131],
                    "summary": {
                        "covered_lines": 5,
                        "num_statements": 8,
                        "percent_covered": 57.142857142857146,
                        "percent_covered_display": "57",
                        "missing_lines": 3,
                        "excluded_lines": 0,
                        "percent_statements_covered": 62.5,
                        "percent_statements_covered_display": "62",
                        "num_branches": 6,
                        "num_partial_branches": 3,
                        "covered_branches": 3,
                        "missing_branches": 3,
                        "percent_branches_covered": 50.0,
                        "percent_branches_covered_display": "50"
                    },
                    "missing_lines": [127, 132, 133],
                    "excluded_lines": [],
                    "executed_branches": [
                        [126, 128],
                        [128, 129],
                        [129, 130]
                    ],
                    "missing_branches": [
                        [126, 127],
                        [128, 133],
                        [129, 132]
                    ]
                },
                "ConcurrencyScanner._categorize_pattern": {
                    "executed_lines": [137, 138, 139, 140],
                    "summary": {
                        "covered_lines": 4,
                        "num_statements": 5,
                        "percent_covered": 66.66666666666667,
                        "percent_covered_display": "67",
                        "missing_lines": 1,
                        "excluded_lines": 0,
                        "percent_statements_covered": 80.0,
                        "percent_statements_covered_display": "80",
                        "num_branches": 4,
                        "num_partial_branches": 2,
                        "covered_branches": 2,
                        "missing_branches": 2,
                        "percent_branches_covered": 50.0,
                        "percent_branches_covered_display": "50"
                    },
                    "missing_lines": [141],
                    "excluded_lines": [],
                    "executed_branches": [
                        [138, 139],
                        [139, 140]
                    ],
                    "missing_branches": [
                        [138, 141],
                        [139, 138]
                    ]
                },
                "ConcurrencyScanner._add_pattern": {
                    "executed_lines": [151, 152, 153],
                    "summary": {
                        "covered_lines": 3,
                        "num_statements": 3,
                        "percent_covered": 80.0,
                        "percent_covered_display": "80",
                        "missing_lines": 0,
                        "excluded_lines": 0,
                        "percent_statements_covered": 100.0,
                        "percent_statements_covered_display": "100",
                        "num_branches": 2,
                        "num_partial_branches": 1,
                        "covered_branches": 1,
                        "missing_branches": 1,
                        "percent_branches_covered": 50.0,
                        "percent_branches_covered_display": "50"
                    },
                    "missing_lines": [],
                    "excluded_lines": [],
                    "executed_branches": [[151, 152]],
                    "missing_branches": [[151, 153]]
                },
                "ConcurrencyScanner._calculate_summary": {
                    "executed_lines": [
                        157, 158, 160, 161, 162, 163, 164, 166, 173
                    ],
                    "summary": {
                        "covered_lines": 9,
                        "num_statements": 9,
                        "percent_covered": 100.0,
                        "percent_covered_display": "100",
                        "missing_lines": 0,
                        "excluded_lines": 0,
                        "percent_statements_covered": 100.0,
                        "percent_statements_covered_display": "100",
                        "num_branches": 4,
                        "num_partial_branches": 0,
                        "covered_branches": 4,
                        "missing_branches": 0,
                        "percent_branches_covered": 100.0,
                        "percent_branches_covered_display": "100"
                    },
                    "missing_lines": [],
                    "excluded_lines": [],
                    "executed_branches": [
                        [160, 161],
                        [160, 166],
                        [162, 160],
                        [162, 163]
                    ],
                    "missing_branches": []
                },
                "": {
                    "executed_lines": [
                        1, 3, 4, 6, 8, 9, 10, 11, 14, 15, 17, 48, 90, 104, 124,
                        135, 143, 155
                    ],
                    "summary": {
                        "covered_lines": 16,
                        "num_statements": 16,
                        "percent_covered": 100.0,
                        "percent_covered_display": "100",
                        "missing_lines": 0,
                        "excluded_lines": 0,
                        "percent_statements_covered": 100.0,
                        "percent_statements_covered_display": "100",
                        "num_branches": 0,
                        "num_partial_branches": 0,
                        "covered_branches": 0,
                        "missing_branches": 0,
                        "percent_branches_covered": 100.0,
                        "percent_branches_covered_display": "100"
                    },
                    "missing_lines": [],
                    "excluded_lines": [],
                    "executed_branches": [],
                    "missing_branches": []
                }
            },
            "classes": {
                "ConcurrencyScanner": {
                    "executed_lines": [
                        50, 51, 53, 60, 61, 62, 65, 66, 69, 81, 82, 83, 84, 85,
                        87, 88, 92, 100, 101, 106, 107, 111, 112, 113, 114, 126,
                        128, 129, 130, 131, 137, 138, 139, 140, 151, 152, 153,
                        157, 158, 160, 161, 162, 163, 164, 166, 173
                    ],
                    "summary": {
                        "covered_lines": 46,
                        "num_statements": 58,
                        "percent_covered": 70.40816326530613,
                        "percent_covered_display": "70",
                        "missing_lines": 12,
                        "excluded_lines": 0,
                        "percent_statements_covered": 79.3103448275862,
                        "percent_statements_covered_display": "79",
                        "num_branches": 40,
                        "num_partial_branches": 15,
                        "covered_branches": 23,
                        "missing_branches": 17,
                        "percent_branches_covered": 57.5,
                        "percent_branches_covered_display": "58"
                    },
                    "missing_lines": [
                        63, 70, 71, 78, 93, 102, 108, 122, 127, 132, 133, 141
                    ],
                    "excluded_lines": [],
                    "executed_branches": [
                        [60, 61],
                        [60, 87],
                        [62, 65],
                        [69, 81],
                        [81, 60],
                        [81, 82],
                        [83, 84],
                        [92, 100],
                        [100, 101],
                        [107, 111],
                        [111, 112],
                        [112, 113],
                        [113, 114],
                        [126, 128],
                        [128, 129],
                        [129, 130],
                        [138, 139],
                        [139, 140],
                        [151, 152],
                        [160, 161],
                        [160, 166],
                        [162, 160],
                        [162, 163]
                    ],
                    "missing_branches": [
                        [62, 63],
                        [69, 70],
                        [70, 69],
                        [70, 71],
                        [83, 81],
                        [92, 93],
                        [100, 102],
                        [107, 108],
                        [111, 122],
                        [112, 111],
                        [113, 112],
                        [126, 127],
                        [128, 133],
                        [129, 132],
                        [138, 141],
                        [139, 138],
                        [151, 153]
                    ]
                },
                "": {
                    "executed_lines": [
                        1, 3, 4, 6, 8, 9, 10, 11, 14, 15, 17, 48, 90, 104, 124,
                        135, 143, 155
                    ],
                    "summary": {
                        "covered_lines": 16,
                        "num_statements": 16,
                        "percent_covered": 100.0,
                        "percent_covered_display": "100",
                        "missing_lines": 0,
                        "excluded_lines": 0,
                        "percent_statements_covered": 100.0,
                        "percent_statements_covered_display": "100",
                        "num_branches": 0,
                        "num_partial_branches": 0,
                        "covered_branches": 0,
                        "missing_branches": 0,
                        "percent_branches_covered": 100.0,
                        "percent_branches_covered_display": "100"
                    },
                    "missing_lines": [],
                    "excluded_lines": [],
                    "executed_branches": [],
                    "missing_branches": []
                }
            }
        },
        "upcast/scanners/django_models.py": {
            "executed_lines": [
                1, 7, 8, 9, 10, 12, 14, 15, 16, 17, 25, 28, 29, 31, 45, 46, 48,
                54, 63, 64, 67, 68, 69, 70, 73, 74, 75, 78, 79, 80, 81, 82, 84,
                85, 87, 89, 98, 99, 102, 105, 106, 110, 111, 112, 113, 115, 118,
                120, 129, 131, 132, 134, 135, 143, 144, 156, 157, 159, 162, 176,
                190, 191, 192, 194
            ],
            "summary": {
                "covered_lines": 62,
                "num_statements": 72,
                "percent_covered": 79.41176470588235,
                "percent_covered_display": "79",
                "missing_lines": 10,
                "excluded_lines": 0,
                "percent_statements_covered": 86.11111111111111,
                "percent_statements_covered_display": "86",
                "num_branches": 30,
                "num_partial_branches": 9,
                "covered_branches": 19,
                "missing_branches": 11,
                "percent_branches_covered": 63.333333333333336,
                "percent_branches_covered_display": "63"
            },
            "missing_lines": [100, 107, 116, 145, 158, 160, 171, 172, 173, 174],
            "excluded_lines": [],
            "executed_branches": [
                [68, 69],
                [68, 73],
                [73, 74],
                [73, 78],
                [74, 75],
                [79, 80],
                [79, 84],
                [81, 82],
                [99, 102],
                [105, 106],
                [105, 115],
                [106, 110],
                [111, 112],
                [115, 118],
                [132, 134],
                [132, 143],
                [144, 156],
                [157, 159],
                [159, 162]
            ],
            "missing_branches": [
                [74, 73],
                [81, 79],
                [99, 100],
                [106, 107],
                [111, 105],
                [115, 116],
                [144, 145],
                [157, 158],
                [159, 160],
                [172, 173],
                [172, 174]
            ],
            "functions": {
                "DjangoModelScanner.__init__": {
                    "executed_lines": [45, 46, 48],
                    "summary": {
                        "covered_lines": 3,
                        "num_statements": 3,
                        "percent_covered": 100.0,
                        "percent_covered_display": "100",
                        "missing_lines": 0,
                        "excluded_lines": 0,
                        "percent_statements_covered": 100.0,
                        "percent_statements_covered_display": "100",
                        "num_branches": 0,
                        "num_partial_branches": 0,
                        "covered_branches": 0,
                        "missing_branches": 0,
                        "percent_branches_covered": 100.0,
                        "percent_branches_covered_display": "100"
                    },
                    "missing_lines": [],
                    "excluded_lines": [],
                    "executed_branches": [],
                    "missing_branches": []
                },
                "DjangoModelScanner.scan": {
                    "executed_lines": [
                        63, 64, 67, 68, 69, 70, 73, 74, 75, 78, 79, 80, 81, 82,
                        84, 85, 87
                    ],
                    "summary": {
                        "covered_lines": 17,
                        "num_statements": 17,
                        "percent_covered": 92.5925925925926,
                        "percent_covered_display": "93",
                        "missing_lines": 0,
                        "excluded_lines": 0,
                        "percent_statements_covered": 100.0,
                        "percent_statements_covered_display": "100",
                        "num_branches": 10,
                        "num_partial_branches": 2,
                        "covered_branches": 8,
                        "missing_branches": 2,
                        "percent_branches_covered": 80.0,
                        "percent_branches_covered_display": "80"
                    },
                    "missing_lines": [],
                    "excluded_lines": [],
                    "executed_branches": [
                        [68, 69],
                        [68, 73],
                        [73, 74],
                        [73, 78],
                        [74, 75],
                        [79, 80],
                        [79, 84],
                        [81, 82]
                    ],
                    "missing_branches": [
                        [74, 73],
                        [81, 79]
                    ]
                },
                "DjangoModelScanner._scan_file": {
                    "executed_lines": [
                        98, 99, 102, 105, 106, 110, 111, 112, 113, 115, 118
                    ],
                    "summary": {
                        "covered_lines": 11,
                        "num_statements": 14,
                        "percent_covered": 70.83333333333333,
                        "percent_covered_display": "71",
                        "missing_lines": 3,
                        "excluded_lines": 0,
                        "percent_statements_covered": 78.57142857142857,
                        "percent_statements_covered_display": "79",
                        "num_branches": 10,
                        "num_partial_branches": 4,
                        "covered_branches": 6,
                        "missing_branches": 4,
                        "percent_branches_covered": 60.0,
                        "percent_branches_covered_display": "60"
                    },
                    "missing_lines": [100, 107, 116],
                    "excluded_lines": [],
                    "executed_branches": [
                        [99, 102],
                        [105, 106],
                        [105, 115],
                        [106, 110],
                        [111, 112],
                        [115, 118]
                    ],
                    "missing_branches": [
                        [99, 100],
                        [106, 107],
                        [111, 105],
                        [115, 116]
                    ]
                },
                "DjangoModelScanner._convert_to_pydantic": {
                    "executed_lines": [
                        129, 131, 132, 134, 135, 143, 144, 156, 157, 159, 162
                    ],
                    "summary": {
                        "covered_lines": 11,
                        "num_statements": 18,
                        "percent_covered": 57.142857142857146,
                        "percent_covered_display": "57",
                        "missing_lines": 7,
                        "excluded_lines": 0,
                        "percent_statements_covered": 61.111111111111114,
                        "percent_statements_covered_display": "61",
                        "num_branches": 10,
                        "num_partial_branches": 3,
                        "covered_branches": 5,
                        "missing_branches": 5,
                        "percent_branches_covered": 50.0,
                        "percent_branches_covered_display": "50"
                    },
                    "missing_lines": [145, 158, 160, 171, 172, 173, 174],
                    "excluded_lines": [],
                    "executed_branches": [
                        [132, 134],
                        [132, 143],
                        [144, 156],
                        [157, 159],
                        [159, 162]
                    ],
                    "missing_branches": [
                        [144, 145],
                        [157, 158],
                        [159, 160],
                        [172, 173],
                        [172, 174]
                    ]
                },
                "DjangoModelScanner._calculate_summary": {
                    "executed_lines": [190, 191, 192, 194],
                    "summary": {
                        "covered_lines": 4,
                        "num_statements": 4,
                        "percent_covered": 100.0,
                        "percent_covered_display": "100",
                        "missing_lines": 0,
                        "excluded_lines": 0,
                        "percent_statements_covered": 100.0,
                        "percent_statements_covered_display": "100",
                        "num_branches": 0,
                        "num_partial_branches": 0,
                        "covered_branches": 0,
                        "missing_branches": 0,
                        "percent_branches_covered": 100.0,
                        "percent_branches_covered_display": "100"
                    },
                    "missing_lines": [],
                    "excluded_lines": [],
                    "executed_branches": [],
                    "missing_branches": []
                },
                "": {
                    "executed_lines": [
                        1, 7, 8, 9, 10, 12, 14, 15, 16, 17, 25, 28, 29, 31, 54,
                        89, 120, 176
                    ],
                    "summary": {
                        "covered_lines": 16,
                        "num_statements": 16,
                        "percent_covered": 100.0,
                        "percent_covered_display": "100",
                        "missing_lines": 0,
                        "excluded_lines": 0,
                        "percent_statements_covered": 100.0,
                        "percent_statements_covered_display": "100",
                        "num_branches": 0,
                        "num_partial_branches": 0,
                        "covered_branches": 0,
                        "missing_branches": 0,
                        "percent_branches_covered": 100.0,
                        "percent_branches_covered_display": "100"
                    },
                    "missing_lines": [],
                    "excluded_lines": [],
                    "executed_branches": [],
                    "missing_branches": []
                }
            },
            "classes": {
                "DjangoModelScanner": {
                    "executed_lines": [
                        45, 46, 48, 63, 64, 67, 68, 69, 70, 73, 74, 75, 78, 79,
                        80, 81, 82, 84, 85, 87, 98, 99, 102, 105, 106, 110, 111,
                        112, 113, 115, 118, 129, 131, 132, 134, 135, 143, 144,
                        156, 157, 159, 162, 190, 191, 192, 194
                    ],
                    "summary": {
                        "covered_lines": 46,
                        "num_statements": 56,
                        "percent_covered": 75.5813953488372,
                        "percent_covered_display": "76",
                        "missing_lines": 10,
                        "excluded_lines": 0,
                        "percent_statements_covered": 82.14285714285714,
                        "percent_statements_covered_display": "82",
                        "num_branches": 30,
                        "num_partial_branches": 9,
                        "covered_branches": 19,
                        "missing_branches": 11,
                        "percent_branches_covered": 63.333333333333336,
                        "percent_branches_covered_display": "63"
                    },
                    "missing_lines": [
                        100, 107, 116, 145, 158, 160, 171, 172, 173, 174
                    ],
                    "excluded_lines": [],
                    "executed_branches": [
                        [68, 69],
                        [68, 73],
                        [73, 74],
                        [73, 78],
                        [74, 75],
                        [79, 80],
                        [79, 84],
                        [81, 82],
                        [99, 102],
                        [105, 106],
                        [105, 115],
                        [106, 110],
                        [111, 112],
                        [115, 118],
                        [132, 134],
                        [132, 143],
                        [144, 156],
                        [157, 159],
                        [159, 162]
                    ],
                    "missing_branches": [
                        [74, 73],
                        [81, 79],
                        [99, 100],
                        [106, 107],
                        [111, 105],
                        [115, 116],
                        [144, 145],
                        [157, 158],
                        [159, 160],
                        [172, 173],
                        [172, 174]
                    ]
                },
                "": {
                    "executed_lines": [
                        1, 7, 8, 9, 10, 12, 14, 15, 16, 17, 25, 28, 29, 31, 54,
                        89, 120, 176
                    ],
                    "summary": {
                        "covered_lines": 16,
                        "num_statements": 16,
                        "percent_covered": 100.0,
                        "percent_covered_display": "100",
                        "missing_lines": 0,
                        "excluded_lines": 0,
                        "percent_statements_covered": 100.0,
                        "percent_statements_covered_display": "100",
                        "num_branches": 0,
                        "num_partial_branches": 0,
                        "covered_branches": 0,
                        "missing_branches": 0,
                        "percent_branches_covered": 100.0,
                        "percent_branches_covered_display": "100"
                    },
                    "missing_lines": [],
                    "excluded_lines": [],
                    "executed_branches": [],
                    "missing_branches": []
                }
            }
        },
        "upcast/scanners/django_settings.py": {
            "executed_lines": [
                1, 7, 8, 9, 11, 13, 14, 20, 21, 30, 33, 34, 36, 47, 48, 49, 51,
                60, 62, 64, 67, 80, 87, 94, 103, 104, 106, 108, 111, 113, 120,
                121, 123, 131, 133, 170, 180, 181, 184, 185, 188, 190, 193, 195,
                207, 214, 221, 222, 224, 267, 299
            ],
            "summary": {
                "covered_lines": 49,
                "num_statements": 113,
                "percent_covered": 38.70967741935484,
                "percent_covered_display": "39",
                "missing_lines": 64,
                "excluded_lines": 0,
                "percent_statements_covered": 43.36283185840708,
                "percent_statements_covered_display": "43",
                "num_branches": 42,
                "num_partial_branches": 7,
                "covered_branches": 11,
                "missing_branches": 31,
                "percent_branches_covered": 26.19047619047619,
                "percent_branches_covered_display": "26"
            },
            "missing_lines": [
                68, 75, 109, 114, 115, 117, 118, 142, 143, 145, 146, 147, 148,
                150, 151, 152, 153, 154, 156, 158, 160, 168, 182, 191, 208, 209,
                210, 211, 215, 216, 217, 218, 244, 245, 246, 247, 248, 251, 253,
                261, 262, 264, 265, 276, 278, 279, 281, 291, 292, 295, 296, 297,
                309, 311, 314, 316, 317, 318, 325, 335, 340, 341, 342, 343
            ],
            "excluded_lines": [],
            "executed_branches": [
                [67, 80],
                [106, 108],
                [106, 120],
                [108, 111],
                [113, 106],
                [181, 184],
                [190, 193],
                [207, 214],
                [214, 221],
                [221, -195],
                [221, 222]
            ],
            "missing_branches": [
                [67, 68],
                [108, 109],
                [113, 114],
                [114, 115],
                [114, 117],
                [145, 146],
                [145, 158],
                [146, 145],
                [146, 147],
                [148, 145],
                [148, 150],
                [181, 182],
                [190, 191],
                [207, 208],
                [208, 209],
                [208, 221],
                [210, 211],
                [210, 221],
                [214, 215],
                [216, 217],
                [216, 221],
                [261, 262],
                [261, 264],
                [279, 281],
                [279, 295],
                [281, 291],
                [281, 292],
                [317, 318],
                [317, 325],
                [341, 342],
                [341, 343]
            ],
            "functions": {
                "DjangoSettingsScanner.__init__": {
                    "executed_lines": [47, 48, 49],
                    "summary": {
                        "covered_lines": 3,
                        "num_statements": 3,
                        "percent_covered": 100.0,
                        "percent_covered_display": "100",
                        "missing_lines": 0,
                        "excluded_lines": 0,
                        "percent_statements_covered": 100.0,
                        "percent_statements_covered_display": "100",
                        "num_branches": 0,
                        "num_partial_branches": 0,
                        "covered_branches": 0,
                        "missing_branches": 0,
                        "percent_branches_covered": 100.0,
                        "percent_branches_covered_display": "100"
                    },
                    "missing_lines": [],
                    "excluded_lines": [],
                    "executed_branches": [],
                    "missing_branches": []
                },
                "DjangoSettingsScanner.scan": {
                    "executed_lines": [60, 62, 64, 67, 80, 87],
                    "summary": {
                        "covered_lines": 6,
                        "num_statements": 8,
                        "percent_covered": 70.0,
                        "percent_covered_display": "70",
                        "missing_lines": 2,
                        "excluded_lines": 0,
                        "percent_statements_covered": 75.0,
                        "percent_statements_covered_display": "75",
                        "num_branches": 2,
                        "num_partial_branches": 1,
                        "covered_branches": 1,
                        "missing_branches": 1,
                        "percent_branches_covered": 50.0,
                        "percent_branches_covered_display": "50"
                    },
                    "missing_lines": [68, 75],
                    "excluded_lines": [],
                    "executed_branches": [[67, 80]],
                    "missing_branches": [[67, 68]]
                },
                "DjangoSettingsScanner._scan_usages": {
                    "executed_lines": [
                        103, 104, 106, 108, 111, 113, 120, 121, 123, 131
                    ],
                    "summary": {
                        "covered_lines": 10,
                        "num_statements": 15,
                        "percent_covered": 60.869565217391305,
                        "percent_covered_display": "61",
                        "missing_lines": 5,
                        "excluded_lines": 0,
                        "percent_statements_covered": 66.66666666666667,
                        "percent_statements_covered_display": "67",
                        "num_branches": 8,
                        "num_partial_branches": 2,
                        "covered_branches": 4,
                        "missing_branches": 4,
                        "percent_branches_covered": 50.0,
                        "percent_branches_covered_display": "50"
                    },
                    "missing_lines": [109, 114, 115, 117, 118],
                    "excluded_lines": [],
                    "executed_branches": [
                        [106, 108],
                        [106, 120],
                        [108, 111],
                        [113, 106]
                    ],
                    "missing_branches": [
                        [108, 109],
                        [113, 114],
                        [114, 115],
                        [114, 117]
                    ]
                },
                "DjangoSettingsScanner._scan_definitions": {
                    "executed_lines": [],
                    "summary": {
                        "covered_lines": 0,
                        "num_statements": 15,
                        "percent_covered": 0.0,
                        "percent_covered_display": "0",
                        "missing_lines": 15,
                        "excluded_lines": 0,
                        "percent_statements_covered": 0.0,
[...]
                        "missing_branches": 3,
                        "percent_branches_covered": 62.5,
                        "percent_branches_covered_display": "62"
                    },
                    "missing_lines": [86, 98],
                    "excluded_lines": [],
                    "executed_branches": [
                        [85, 88],
                        [92, 93],
                        [92, 97],
                        [94, 95],
                        [97, 100]
                    ],
                    "missing_branches": [
                        [85, 86],
                        [94, 92],
                        [97, 98]
                    ]
                },
                "UnitTestScanner._check_function": {
                    "executed_lines": [119, 123, 124, 126, 136],
                    "summary": {
                        "covered_lines": 5,
                        "num_statements": 10,
                        "percent_covered": 38.888888888888886,
                        "percent_covered_display": "39",
                        "missing_lines": 5,
                        "excluded_lines": 0,
                        "percent_statements_covered": 50.0,
                        "percent_statements_covered_display": "50",
                        "num_branches": 8,
                        "num_partial_branches": 2,
                        "covered_branches": 2,
                        "missing_branches": 6,
                        "percent_branches_covered": 25.0,
                        "percent_branches_covered_display": "25"
                    },
                    "missing_lines": [120, 127, 129, 130, 133],
                    "excluded_lines": [],
                    "executed_branches": [
                        [119, 123],
                        [124, 126]
                    ],
                    "missing_branches": [
                        [119, 120],
                        [124, 127],
                        [127, 129],
                        [127, 133],
                        [129, 130],
                        [129, 136]
                    ]
                },
                "UnitTestScanner._is_unittest_testcase": {
                    "executed_lines": [],
                    "summary": {
                        "covered_lines": 0,
                        "num_statements": 13,
                        "percent_covered": 0.0,
                        "percent_covered_display": "0",
                        "missing_lines": 13,
                        "excluded_lines": 0,
                        "percent_statements_covered": 0.0,
                        "percent_statements_covered_display": "0",
                        "num_branches": 12,
                        "num_partial_branches": 0,
                        "covered_branches": 0,
                        "missing_branches": 12,
                        "percent_branches_covered": 0.0,
                        "percent_branches_covered_display": "0"
                    },
                    "missing_lines": [
                        147, 148, 149, 150, 151, 152, 153, 154, 156, 157, 158,
                        159, 160
                    ],
                    "excluded_lines": [],
                    "executed_branches": [],
                    "missing_branches": [
                        [147, 148],
                        [147, 160],
                        [149, 147],
                        [149, 150],
                        [150, 149],
                        [150, 151],
                        [152, 149],
                        [152, 153],
                        [156, 157],
                        [156, 158],
                        [158, 147],
                        [158, 159]
                    ]
                },
                "UnitTestScanner._parse_test_function": {
                    "executed_lines": [178, 179, 180, 183, 186, 189, 191],
                    "summary": {
                        "covered_lines": 7,
                        "num_statements": 7,
                        "percent_covered": 100.0,
                        "percent_covered_display": "100",
                        "missing_lines": 0,
                        "excluded_lines": 0,
                        "percent_statements_covered": 100.0,
                        "percent_statements_covered_display": "100",
                        "num_branches": 0,
                        "num_partial_branches": 0,
                        "covered_branches": 0,
                        "missing_branches": 0,
                        "percent_branches_covered": 100.0,
                        "percent_branches_covered_display": "100"
                    },
                    "missing_lines": [],
                    "excluded_lines": [],
                    "executed_branches": [],
                    "missing_branches": []
                },
                "UnitTestScanner._calculate_body_md5": {
                    "executed_lines": [
                        210, 213, 214, 216, 218, 219, 220, 222, 223
                    ],
                    "summary": {
                        "covered_lines": 9,
                        "num_statements": 10,
                        "percent_covered": 87.5,
                        "percent_covered_display": "88",
                        "missing_lines": 1,
                        "excluded_lines": 0,
                        "percent_statements_covered": 90.0,
                        "percent_statements_covered_display": "90",
                        "num_branches": 6,
                        "num_partial_branches": 1,
                        "covered_branches": 5,
                        "missing_branches": 1,
                        "percent_branches_covered": 83.33333333333333,
                        "percent_branches_covered_display": "83"
                    },
                    "missing_lines": [217],
                    "excluded_lines": [],
                    "executed_branches": [
                        [214, 216],
                        [214, 222],
                        [216, 218],
                        [219, 214],
                        [219, 220]
                    ],
                    "missing_branches": [[216, 217]]
                },
                "UnitTestScanner._count_assertions": {
                    "executed_lines": [236, 239, 240, 243, 253, 262],
                    "summary": {
                        "covered_lines": 6,
                        "num_statements": 11,
                        "percent_covered": 43.47826086956522,
                        "percent_covered_display": "43",
                        "missing_lines": 5,
                        "excluded_lines": 0,
                        "percent_statements_covered": 54.54545454545455,
                        "percent_statements_covered_display": "55",
                        "num_branches": 12,
                        "num_partial_branches": 2,
                        "covered_branches": 4,
                        "missing_branches": 8,
                        "percent_branches_covered": 33.333333333333336,
                        "percent_branches_covered_display": "33"
                    },
                    "missing_lines": [244, 250, 254, 255, 260],
                    "excluded_lines": [],
                    "executed_branches": [
                        [239, 240],
                        [239, 243],
                        [243, 253],
                        [253, 262]
                    ],
                    "missing_branches": [
                        [243, 244],
                        [244, 243],
                        [244, 250],
                        [253, 254],
                        [254, 253],
                        [254, 255],
                        [255, 254],
                        [255, 260]
                    ]
                },
                "UnitTestScanner._extract_imports": {
                    "executed_lines": [273, 276, 282, 294],
                    "summary": {
                        "covered_lines": 4,
                        "num_statements": 14,
                        "percent_covered": 25.0,
                        "percent_covered_display": "25",
                        "missing_lines": 10,
                        "excluded_lines": 0,
                        "percent_statements_covered": 28.571428571428573,
                        "percent_statements_covered_display": "29",
                        "num_branches": 10,
                        "num_partial_branches": 2,
                        "covered_branches": 2,
                        "missing_branches": 8,
                        "percent_branches_covered": 20.0,
                        "percent_branches_covered_display": "20"
                    },
                    "missing_lines": [
                        277, 278, 279, 283, 284, 285, 286, 288, 291, 292
                    ],
                    "excluded_lines": [],
                    "executed_branches": [
                        [276, 282],
                        [282, 294]
                    ],
                    "missing_branches": [
                        [276, 277],
                        [277, 276],
                        [277, 278],
                        [282, 283],
                        [284, 282],
                        [284, 285],
                        [286, 288],
                        [286, 291]
                    ]
                },
                "UnitTestScanner._resolve_targets": {
                    "executed_lines": [311, 312, 316, 317, 339],
                    "summary": {
                        "covered_lines": 5,
                        "num_statements": 18,
                        "percent_covered": 23.333333333333332,
                        "percent_covered_display": "23",
                        "missing_lines": 13,
                        "excluded_lines": 0,
                        "percent_statements_covered": 27.77777777777778,
                        "percent_statements_covered_display": "28",
                        "num_branches": 12,
                        "num_partial_branches": 2,
                        "covered_branches": 2,
                        "missing_branches": 10,
                        "percent_branches_covered": 16.666666666666668,
                        "percent_branches_covered_display": "17"
                    },
                    "missing_lines": [
                        313, 318, 319, 321, 323, 324, 325, 327, 330, 331, 334,
                        335, 336
                    ],
                    "excluded_lines": [],
                    "executed_branches": [
                        [312, 316],
                        [317, 339]
                    ],
                    "missing_branches": [
                        [312, 313],
                        [317, 318],
                        [318, 319],
                        [318, 321],
                        [324, 325],
                        [324, 327],
                        [330, 331],
                        [330, 334],
                        [334, 335],
                        [334, 336]
                    ]
                },
                "UnitTestScanner._calculate_summary": {
                    "executed_lines": [355, 356, 357, 359],
                    "summary": {
                        "covered_lines": 4,
                        "num_statements": 4,
                        "percent_covered": 100.0,
                        "percent_covered_display": "100",
                        "missing_lines": 0,
                        "excluded_lines": 0,
                        "percent_statements_covered": 100.0,
                        "percent_statements_covered_display": "100",
                        "num_branches": 0,
                        "num_partial_branches": 0,
                        "covered_branches": 0,
                        "missing_branches": 0,
                        "percent_branches_covered": 100.0,
                        "percent_branches_covered_display": "100"
                    },
                    "missing_lines": [],
                    "excluded_lines": [],
                    "executed_branches": [],
                    "missing_branches": []
                },
                "": {
                    "executed_lines": [
                        1, 8, 9, 10, 11, 13, 15, 16, 18, 21, 22, 24, 50, 75,
                        102, 138, 162, 200, 225, 264, 296, 341
                    ],
                    "summary": {
                        "covered_lines": 20,
                        "num_statements": 20,
                        "percent_covered": 100.0,
                        "percent_covered_display": "100",
                        "missing_lines": 0,
                        "excluded_lines": 0,
                        "percent_statements_covered": 100.0,
                        "percent_statements_covered_display": "100",
                        "num_branches": 0,
                        "num_partial_branches": 0,
                        "covered_branches": 0,
                        "missing_branches": 0,
                        "percent_branches_covered": 100.0,
                        "percent_branches_covered_display": "100"
                    },
                    "missing_lines": [],
                    "excluded_lines": [],
                    "executed_branches": [],
                    "missing_branches": []
                }
            },
            "classes": {
                "UnitTestScanner": {
                    "executed_lines": [
                        40, 41, 43, 48, 59, 60, 63, 65, 66, 67, 68, 70, 71, 73,
                        84, 85, 88, 89, 92, 93, 94, 95, 97, 100, 119, 123, 124,
                        126, 136, 178, 179, 180, 183, 186, 189, 191, 210, 213,
                        214, 216, 218, 219, 220, 222, 223, 236, 239, 240, 243,
                        253, 262, 273, 276, 282, 294, 311, 312, 316, 317, 339,
                        355, 356, 357, 359
                    ],
                    "summary": {
                        "covered_lines": 64,
                        "num_statements": 113,
                        "percent_covered": 47.027027027027025,
                        "percent_covered_display": "47",
                        "missing_lines": 49,
                        "excluded_lines": 0,
                        "percent_statements_covered": 56.63716814159292,
                        "percent_statements_covered_display": "57",
                        "num_branches": 72,
                        "num_partial_branches": 13,
                        "covered_branches": 23,
                        "missing_branches": 49,
                        "percent_branches_covered": 31.944444444444443,
                        "percent_branches_covered_display": "32"
                    },
                    "missing_lines": [
                        86, 98, 120, 127, 129, 130, 133, 147, 148, 149, 150,
                        151, 152, 153, 154, 156, 157, 158, 159, 160, 217, 244,
                        250, 254, 255, 260, 277, 278, 279, 283, 284, 285, 286,
                        288, 291, 292, 313, 318, 319, 321, 323, 324, 325, 327,
                        330, 331, 334, 335, 336
                    ],
                    "excluded_lines": [],
                    "executed_branches": [
                        [65, 66],
                        [65, 70],
                        [67, 68],
                        [85, 88],
                        [92, 93],
                        [92, 97],
                        [94, 95],
                        [97, 100],
                        [119, 123],
                        [124, 126],
                        [214, 216],
                        [214, 222],
                        [216, 218],
                        [219, 214],
                        [219, 220],
                        [239, 240],
                        [239, 243],
                        [243, 253],
                        [253, 262],
                        [276, 282],
                        [282, 294],
                        [312, 316],
                        [317, 339]
                    ],
                    "missing_branches": [
                        [67, 65],
                        [85, 86],
                        [94, 92],
                        [97, 98],
                        [119, 120],
                        [124, 127],
                        [127, 129],
                        [127, 133],
                        [129, 130],
                        [129, 136],
                        [147, 148],
                        [147, 160],
                        [149, 147],
                        [149, 150],
                        [150, 149],
                        [150, 151],
                        [152, 149],
                        [152, 153],
                        [156, 157],
                        [156, 158],
                        [158, 147],
                        [158, 159],
                        [216, 217],
                        [243, 244],
                        [244, 243],
                        [244, 250],
                        [253, 254],
                        [254, 253],
                        [254, 255],
                        [255, 254],
                        [255, 260],
                        [276, 277],
                        [277, 276],
                        [277, 278],
                        [282, 283],
                        [284, 282],
                        [284, 285],
                        [286, 288],
                        [286, 291],
                        [312, 313],
                        [317, 318],
                        [318, 319],
                        [318, 321],
                        [324, 325],
                        [324, 327],
                        [330, 331],
                        [330, 334],
                        [334, 335],
                        [334, 336]
                    ]
                },
                "": {
                    "executed_lines": [
                        1, 8, 9, 10, 11, 13, 15, 16, 18, 21, 22, 24, 50, 75,
                        102, 138, 162, 200, 225, 264, 296, 341
                    ],
                    "summary": {
                        "covered_lines": 20,
                        "num_statements": 20,
                        "percent_covered": 100.0,
                        "percent_covered_display": "100",
                        "missing_lines": 0,
                        "excluded_lines": 0,
                        "percent_statements_covered": 100.0,
                        "percent_statements_covered_display": "100",
                        "num_branches": 0,
                        "num_partial_branches": 0,
                        "covered_branches": 0,
                        "missing_branches": 0,
                        "percent_branches_covered": 100.0,
                        "percent_branches_covered_display": "100"
                    },
                    "missing_lines": [],
                    "excluded_lines": [],
                    "executed_branches": [],
                    "missing_branches": []
                }
            }
        }
    },
    "totals": {
        "covered_lines": 837,
        "num_statements": 1185,
        "percent_covered": 62.36436322101656,
        "percent_covered_display": "62",
        "missing_lines": 348,
        "excluded_lines": 0,
        "percent_statements_covered": 70.63291139240506,
        "percent_statements_covered_display": "71",
        "num_branches": 566,
        "num_partial_branches": 139,
        "covered_branches": 255,
        "missing_branches": 311,
        "percent_branches_covered": 45.053003533568905,
        "percent_branches_covered_display": "45"
    }
}
